

Started GET "/assets/rails.png" for 127.0.0.1 at 2012-07-04 13:21:03 -0600
Connecting to database specified by database.yml
Served asset /rails.png - 200 OK (5ms)


Started GET "/" for 127.0.0.1 at 2012-07-04 13:22:44 -0600

AbstractController::ActionNotFound (The action 'index' could not be found for RpsesController):
  actionpack (3.2.6) lib/abstract_controller/base.rb:116:in `process'
  actionpack (3.2.6) lib/abstract_controller/rendering.rb:45:in `process'
  actionpack (3.2.6) lib/action_controller/metal.rb:203:in `dispatch'
  actionpack (3.2.6) lib/action_controller/metal/rack_delegation.rb:14:in `dispatch'
  actionpack (3.2.6) lib/action_controller/metal.rb:246:in `block in action'
  actionpack (3.2.6) lib/action_dispatch/routing/route_set.rb:73:in `call'
  actionpack (3.2.6) lib/action_dispatch/routing/route_set.rb:73:in `dispatch'
  actionpack (3.2.6) lib/action_dispatch/routing/route_set.rb:36:in `call'
  journey (1.0.4) lib/journey/router.rb:68:in `block in call'
  journey (1.0.4) lib/journey/router.rb:56:in `each'
  journey (1.0.4) lib/journey/router.rb:56:in `call'
  actionpack (3.2.6) lib/action_dispatch/routing/route_set.rb:600:in `call'
  actionpack (3.2.6) lib/action_dispatch/middleware/best_standards_support.rb:17:in `call'
  rack (1.4.1) lib/rack/etag.rb:23:in `call'
  rack (1.4.1) lib/rack/conditionalget.rb:25:in `call'
  actionpack (3.2.6) lib/action_dispatch/middleware/head.rb:14:in `call'
  actionpack (3.2.6) lib/action_dispatch/middleware/params_parser.rb:21:in `call'
  actionpack (3.2.6) lib/action_dispatch/middleware/flash.rb:242:in `call'
  rack (1.4.1) lib/rack/session/abstract/id.rb:205:in `context'
  rack (1.4.1) lib/rack/session/abstract/id.rb:200:in `call'
  actionpack (3.2.6) lib/action_dispatch/middleware/cookies.rb:338:in `call'
  activerecord (3.2.6) lib/active_record/query_cache.rb:64:in `call'
  activerecord (3.2.6) lib/active_record/connection_adapters/abstract/connection_pool.rb:473:in `call'
  actionpack (3.2.6) lib/action_dispatch/middleware/callbacks.rb:28:in `block in call'
  activesupport (3.2.6) lib/active_support/callbacks.rb:405:in `_run__48306380900275368__call__4395987379665859__callbacks'
  activesupport (3.2.6) lib/active_support/callbacks.rb:405:in `__run_callback'
  activesupport (3.2.6) lib/active_support/callbacks.rb:385:in `_run_call_callbacks'
  activesupport (3.2.6) lib/active_support/callbacks.rb:81:in `run_callbacks'
  actionpack (3.2.6) lib/action_dispatch/middleware/callbacks.rb:27:in `call'
  actionpack (3.2.6) lib/action_dispatch/middleware/reloader.rb:65:in `call'
  actionpack (3.2.6) lib/action_dispatch/middleware/remote_ip.rb:31:in `call'
  actionpack (3.2.6) lib/action_dispatch/middleware/debug_exceptions.rb:16:in `call'
  actionpack (3.2.6) lib/action_dispatch/middleware/show_exceptions.rb:56:in `call'
  railties (3.2.6) lib/rails/rack/logger.rb:26:in `call_app'
  railties (3.2.6) lib/rails/rack/logger.rb:16:in `call'
  actionpack (3.2.6) lib/action_dispatch/middleware/request_id.rb:22:in `call'
  rack (1.4.1) lib/rack/methodoverride.rb:21:in `call'
  rack (1.4.1) lib/rack/runtime.rb:17:in `call'
  activesupport (3.2.6) lib/active_support/cache/strategy/local_cache.rb:72:in `call'
  rack (1.4.1) lib/rack/lock.rb:15:in `call'
  actionpack (3.2.6) lib/action_dispatch/middleware/static.rb:62:in `call'
  railties (3.2.6) lib/rails/engine.rb:479:in `call'
  railties (3.2.6) lib/rails/application.rb:220:in `call'
  rack (1.4.1) lib/rack/content_length.rb:14:in `call'
  railties (3.2.6) lib/rails/rack/log_tailer.rb:17:in `call'
  rack (1.4.1) lib/rack/handler/webrick.rb:59:in `service'
  /usr/lib/ruby/1.9.1/webrick/httpserver.rb:138:in `service'
  /usr/lib/ruby/1.9.1/webrick/httpserver.rb:94:in `run'
  /usr/lib/ruby/1.9.1/webrick/server.rb:191:in `block in start_thread'


  Rendered /usr/lib/ruby/gems/1.9.1/gems/actionpack-3.2.6/lib/action_dispatch/middleware/templates/rescues/unknown_action.erb within rescues/layout (2.3ms)


Started GET "/assets/rails.png" for 127.0.0.1 at 2012-07-04 13:24:23 -0600
Served asset /rails.png - 304 Not Modified (0ms)


Started GET "/" for 127.0.0.1 at 2012-07-04 13:26:33 -0600
Connecting to database specified by database.yml

AbstractController::ActionNotFound (The action 'index' could not be found for RpsesController):
  actionpack (3.2.6) lib/abstract_controller/base.rb:116:in `process'
  actionpack (3.2.6) lib/abstract_controller/rendering.rb:45:in `process'
  actionpack (3.2.6) lib/action_controller/metal.rb:203:in `dispatch'
  actionpack (3.2.6) lib/action_controller/metal/rack_delegation.rb:14:in `dispatch'
  actionpack (3.2.6) lib/action_controller/metal.rb:246:in `block in action'
  actionpack (3.2.6) lib/action_dispatch/routing/route_set.rb:73:in `call'
  actionpack (3.2.6) lib/action_dispatch/routing/route_set.rb:73:in `dispatch'
  actionpack (3.2.6) lib/action_dispatch/routing/route_set.rb:36:in `call'
  journey (1.0.4) lib/journey/router.rb:68:in `block in call'
  journey (1.0.4) lib/journey/router.rb:56:in `each'
  journey (1.0.4) lib/journey/router.rb:56:in `call'
  actionpack (3.2.6) lib/action_dispatch/routing/route_set.rb:600:in `call'
  actionpack (3.2.6) lib/action_dispatch/middleware/best_standards_support.rb:17:in `call'
  rack (1.4.1) lib/rack/etag.rb:23:in `call'
  rack (1.4.1) lib/rack/conditionalget.rb:25:in `call'
  actionpack (3.2.6) lib/action_dispatch/middleware/head.rb:14:in `call'
  actionpack (3.2.6) lib/action_dispatch/middleware/params_parser.rb:21:in `call'
  actionpack (3.2.6) lib/action_dispatch/middleware/flash.rb:242:in `call'
  rack (1.4.1) lib/rack/session/abstract/id.rb:205:in `context'
  rack (1.4.1) lib/rack/session/abstract/id.rb:200:in `call'
  actionpack (3.2.6) lib/action_dispatch/middleware/cookies.rb:338:in `call'
  activerecord (3.2.6) lib/active_record/query_cache.rb:64:in `call'
  activerecord (3.2.6) lib/active_record/connection_adapters/abstract/connection_pool.rb:473:in `call'
  actionpack (3.2.6) lib/action_dispatch/middleware/callbacks.rb:28:in `block in call'
  activesupport (3.2.6) lib/active_support/callbacks.rb:405:in `_run__3079735338246495819__call__3459905943495514506__callbacks'
  activesupport (3.2.6) lib/active_support/callbacks.rb:405:in `__run_callback'
  activesupport (3.2.6) lib/active_support/callbacks.rb:385:in `_run_call_callbacks'
  activesupport (3.2.6) lib/active_support/callbacks.rb:81:in `run_callbacks'
  actionpack (3.2.6) lib/action_dispatch/middleware/callbacks.rb:27:in `call'
  actionpack (3.2.6) lib/action_dispatch/middleware/reloader.rb:65:in `call'
  actionpack (3.2.6) lib/action_dispatch/middleware/remote_ip.rb:31:in `call'
  actionpack (3.2.6) lib/action_dispatch/middleware/debug_exceptions.rb:16:in `call'
  actionpack (3.2.6) lib/action_dispatch/middleware/show_exceptions.rb:56:in `call'
  railties (3.2.6) lib/rails/rack/logger.rb:26:in `call_app'
  railties (3.2.6) lib/rails/rack/logger.rb:16:in `call'
  actionpack (3.2.6) lib/action_dispatch/middleware/request_id.rb:22:in `call'
  rack (1.4.1) lib/rack/methodoverride.rb:21:in `call'
  rack (1.4.1) lib/rack/runtime.rb:17:in `call'
  activesupport (3.2.6) lib/active_support/cache/strategy/local_cache.rb:72:in `call'
  rack (1.4.1) lib/rack/lock.rb:15:in `call'
  actionpack (3.2.6) lib/action_dispatch/middleware/static.rb:62:in `call'
  railties (3.2.6) lib/rails/engine.rb:479:in `call'
  railties (3.2.6) lib/rails/application.rb:220:in `call'
  rack (1.4.1) lib/rack/content_length.rb:14:in `call'
  railties (3.2.6) lib/rails/rack/log_tailer.rb:17:in `call'
  rack (1.4.1) lib/rack/handler/webrick.rb:59:in `service'
  /usr/lib/ruby/1.9.1/webrick/httpserver.rb:138:in `service'
  /usr/lib/ruby/1.9.1/webrick/httpserver.rb:94:in `run'
  /usr/lib/ruby/1.9.1/webrick/server.rb:191:in `block in start_thread'


  Rendered /usr/lib/ruby/gems/1.9.1/gems/actionpack-3.2.6/lib/action_dispatch/middleware/templates/rescues/unknown_action.erb within rescues/layout (1.9ms)


Started GET "/" for 127.0.0.1 at 2012-07-04 13:28:32 -0600
Processing by RpsesController#index as HTML
Completed 500 Internal Server Error in 8ms

ActionView::MissingTemplate (Missing template rpses/index, application/index with {:locale=>[:en], :formats=>[:html], :handlers=>[:erb, :builder, :coffee]}. Searched in:
  * "/home/rmcaleavy/new_rps/app/views"
):
  actionpack (3.2.6) lib/action_view/path_set.rb:58:in `find'
  actionpack (3.2.6) lib/action_view/lookup_context.rb:109:in `find'
  actionpack (3.2.6) lib/action_view/renderer/abstract_renderer.rb:3:in `find_template'
  actionpack (3.2.6) lib/action_view/renderer/template_renderer.rb:34:in `determine_template'
  actionpack (3.2.6) lib/action_view/renderer/template_renderer.rb:10:in `render'
  actionpack (3.2.6) lib/action_view/renderer/renderer.rb:36:in `render_template'
  actionpack (3.2.6) lib/action_view/renderer/renderer.rb:17:in `render'
  actionpack (3.2.6) lib/abstract_controller/rendering.rb:110:in `_render_template'
  actionpack (3.2.6) lib/action_controller/metal/streaming.rb:225:in `_render_template'
  actionpack (3.2.6) lib/abstract_controller/rendering.rb:103:in `render_to_body'
  actionpack (3.2.6) lib/action_controller/metal/renderers.rb:28:in `render_to_body'
  actionpack (3.2.6) lib/action_controller/metal/compatibility.rb:50:in `render_to_body'
  actionpack (3.2.6) lib/abstract_controller/rendering.rb:88:in `render'
  actionpack (3.2.6) lib/action_controller/metal/rendering.rb:16:in `render'
  actionpack (3.2.6) lib/action_controller/metal/instrumentation.rb:40:in `block (2 levels) in render'
  activesupport (3.2.6) lib/active_support/core_ext/benchmark.rb:5:in `block in ms'
  /usr/lib/ruby/1.9.1/benchmark.rb:295:in `realtime'
  activesupport (3.2.6) lib/active_support/core_ext/benchmark.rb:5:in `ms'
  actionpack (3.2.6) lib/action_controller/metal/instrumentation.rb:40:in `block in render'
  actionpack (3.2.6) lib/action_controller/metal/instrumentation.rb:83:in `cleanup_view_runtime'
  activerecord (3.2.6) lib/active_record/railties/controller_runtime.rb:24:in `cleanup_view_runtime'
  actionpack (3.2.6) lib/action_controller/metal/instrumentation.rb:39:in `render'
  actionpack (3.2.6) lib/action_controller/metal/implicit_render.rb:10:in `default_render'
  actionpack (3.2.6) lib/action_controller/metal/implicit_render.rb:5:in `send_action'
  actionpack (3.2.6) lib/abstract_controller/base.rb:167:in `process_action'
  actionpack (3.2.6) lib/action_controller/metal/rendering.rb:10:in `process_action'
  actionpack (3.2.6) lib/abstract_controller/callbacks.rb:18:in `block in process_action'
  activesupport (3.2.6) lib/active_support/callbacks.rb:414:in `_run__3945307682235736230__process_action__1999050504090652271__callbacks'
  activesupport (3.2.6) lib/active_support/callbacks.rb:405:in `__run_callback'
  activesupport (3.2.6) lib/active_support/callbacks.rb:385:in `_run_process_action_callbacks'
  activesupport (3.2.6) lib/active_support/callbacks.rb:81:in `run_callbacks'
  actionpack (3.2.6) lib/abstract_controller/callbacks.rb:17:in `process_action'
  actionpack (3.2.6) lib/action_controller/metal/rescue.rb:29:in `process_action'
  actionpack (3.2.6) lib/action_controller/metal/instrumentation.rb:30:in `block in process_action'
  activesupport (3.2.6) lib/active_support/notifications.rb:123:in `block in instrument'
  activesupport (3.2.6) lib/active_support/notifications/instrumenter.rb:20:in `instrument'
  activesupport (3.2.6) lib/active_support/notifications.rb:123:in `instrument'
  actionpack (3.2.6) lib/action_controller/metal/instrumentation.rb:29:in `process_action'
  actionpack (3.2.6) lib/action_controller/metal/params_wrapper.rb:206:in `process_action'
  activerecord (3.2.6) lib/active_record/railties/controller_runtime.rb:18:in `process_action'
  actionpack (3.2.6) lib/abstract_controller/base.rb:121:in `process'
  actionpack (3.2.6) lib/abstract_controller/rendering.rb:45:in `process'
  actionpack (3.2.6) lib/action_controller/metal.rb:203:in `dispatch'
  actionpack (3.2.6) lib/action_controller/metal/rack_delegation.rb:14:in `dispatch'
  actionpack (3.2.6) lib/action_controller/metal.rb:246:in `block in action'
  actionpack (3.2.6) lib/action_dispatch/routing/route_set.rb:73:in `call'
  actionpack (3.2.6) lib/action_dispatch/routing/route_set.rb:73:in `dispatch'
  actionpack (3.2.6) lib/action_dispatch/routing/route_set.rb:36:in `call'
  journey (1.0.4) lib/journey/router.rb:68:in `block in call'
  journey (1.0.4) lib/journey/router.rb:56:in `each'
  journey (1.0.4) lib/journey/router.rb:56:in `call'
  actionpack (3.2.6) lib/action_dispatch/routing/route_set.rb:600:in `call'
  actionpack (3.2.6) lib/action_dispatch/middleware/best_standards_support.rb:17:in `call'
  rack (1.4.1) lib/rack/etag.rb:23:in `call'
  rack (1.4.1) lib/rack/conditionalget.rb:25:in `call'
  actionpack (3.2.6) lib/action_dispatch/middleware/head.rb:14:in `call'
  actionpack (3.2.6) lib/action_dispatch/middleware/params_parser.rb:21:in `call'
  actionpack (3.2.6) lib/action_dispatch/middleware/flash.rb:242:in `call'
  rack (1.4.1) lib/rack/session/abstract/id.rb:205:in `context'
  rack (1.4.1) lib/rack/session/abstract/id.rb:200:in `call'
  actionpack (3.2.6) lib/action_dispatch/middleware/cookies.rb:338:in `call'
  activerecord (3.2.6) lib/active_record/query_cache.rb:64:in `call'
  activerecord (3.2.6) lib/active_record/connection_adapters/abstract/connection_pool.rb:473:in `call'
  actionpack (3.2.6) lib/action_dispatch/middleware/callbacks.rb:28:in `block in call'
  activesupport (3.2.6) lib/active_support/callbacks.rb:405:in `_run__3079735338246495819__call__3459905943495514506__callbacks'
  activesupport (3.2.6) lib/active_support/callbacks.rb:405:in `__run_callback'
  activesupport (3.2.6) lib/active_support/callbacks.rb:385:in `_run_call_callbacks'
  activesupport (3.2.6) lib/active_support/callbacks.rb:81:in `run_callbacks'
  actionpack (3.2.6) lib/action_dispatch/middleware/callbacks.rb:27:in `call'
  actionpack (3.2.6) lib/action_dispatch/middleware/reloader.rb:65:in `call'
  actionpack (3.2.6) lib/action_dispatch/middleware/remote_ip.rb:31:in `call'
  actionpack (3.2.6) lib/action_dispatch/middleware/debug_exceptions.rb:16:in `call'
  actionpack (3.2.6) lib/action_dispatch/middleware/show_exceptions.rb:56:in `call'
  railties (3.2.6) lib/rails/rack/logger.rb:26:in `call_app'
  railties (3.2.6) lib/rails/rack/logger.rb:16:in `call'
  actionpack (3.2.6) lib/action_dispatch/middleware/request_id.rb:22:in `call'
  rack (1.4.1) lib/rack/methodoverride.rb:21:in `call'
  rack (1.4.1) lib/rack/runtime.rb:17:in `call'
  activesupport (3.2.6) lib/active_support/cache/strategy/local_cache.rb:72:in `call'
  rack (1.4.1) lib/rack/lock.rb:15:in `call'
  actionpack (3.2.6) lib/action_dispatch/middleware/static.rb:62:in `call'
  railties (3.2.6) lib/rails/engine.rb:479:in `call'
  railties (3.2.6) lib/rails/application.rb:220:in `call'
  rack (1.4.1) lib/rack/content_length.rb:14:in `call'
  railties (3.2.6) lib/rails/rack/log_tailer.rb:17:in `call'
  rack (1.4.1) lib/rack/handler/webrick.rb:59:in `service'
  /usr/lib/ruby/1.9.1/webrick/httpserver.rb:138:in `service'
  /usr/lib/ruby/1.9.1/webrick/httpserver.rb:94:in `run'
  /usr/lib/ruby/1.9.1/webrick/server.rb:191:in `block in start_thread'


  Rendered /usr/lib/ruby/gems/1.9.1/gems/actionpack-3.2.6/lib/action_dispatch/middleware/templates/rescues/missing_template.erb within rescues/layout (0.3ms)


Started GET "/" for 127.0.0.1 at 2012-07-04 13:30:29 -0600
Processing by RpsesController#index as HTML
Completed 500 Internal Server Error in 6ms

ActionView::MissingTemplate (Missing template rpses/index, application/index with {:locale=>[:en], :formats=>[:html], :handlers=>[:erb, :builder, :coffee]}. Searched in:
  * "/home/rmcaleavy/new_rps/app/views"
):
  actionpack (3.2.6) lib/action_view/path_set.rb:58:in `find'
  actionpack (3.2.6) lib/action_view/lookup_context.rb:109:in `find'
  actionpack (3.2.6) lib/action_view/renderer/abstract_renderer.rb:3:in `find_template'
  actionpack (3.2.6) lib/action_view/renderer/template_renderer.rb:34:in `determine_template'
  actionpack (3.2.6) lib/action_view/renderer/template_renderer.rb:10:in `render'
  actionpack (3.2.6) lib/action_view/renderer/renderer.rb:36:in `render_template'
  actionpack (3.2.6) lib/action_view/renderer/renderer.rb:17:in `render'
  actionpack (3.2.6) lib/abstract_controller/rendering.rb:110:in `_render_template'
  actionpack (3.2.6) lib/action_controller/metal/streaming.rb:225:in `_render_template'
  actionpack (3.2.6) lib/abstract_controller/rendering.rb:103:in `render_to_body'
  actionpack (3.2.6) lib/action_controller/metal/renderers.rb:28:in `render_to_body'
  actionpack (3.2.6) lib/action_controller/metal/compatibility.rb:50:in `render_to_body'
  actionpack (3.2.6) lib/abstract_controller/rendering.rb:88:in `render'
  actionpack (3.2.6) lib/action_controller/metal/rendering.rb:16:in `render'
  actionpack (3.2.6) lib/action_controller/metal/instrumentation.rb:40:in `block (2 levels) in render'
  activesupport (3.2.6) lib/active_support/core_ext/benchmark.rb:5:in `block in ms'
  /usr/lib/ruby/1.9.1/benchmark.rb:295:in `realtime'
  activesupport (3.2.6) lib/active_support/core_ext/benchmark.rb:5:in `ms'
  actionpack (3.2.6) lib/action_controller/metal/instrumentation.rb:40:in `block in render'
  actionpack (3.2.6) lib/action_controller/metal/instrumentation.rb:83:in `cleanup_view_runtime'
  activerecord (3.2.6) lib/active_record/railties/controller_runtime.rb:24:in `cleanup_view_runtime'
  actionpack (3.2.6) lib/action_controller/metal/instrumentation.rb:39:in `render'
  actionpack (3.2.6) lib/action_controller/metal/implicit_render.rb:10:in `default_render'
  actionpack (3.2.6) lib/action_controller/metal/implicit_render.rb:5:in `send_action'
  actionpack (3.2.6) lib/abstract_controller/base.rb:167:in `process_action'
  actionpack (3.2.6) lib/action_controller/metal/rendering.rb:10:in `process_action'
  actionpack (3.2.6) lib/abstract_controller/callbacks.rb:18:in `block in process_action'
  activesupport (3.2.6) lib/active_support/callbacks.rb:414:in `_run__3945307682235736230__process_action__1999050504090652271__callbacks'
  activesupport (3.2.6) lib/active_support/callbacks.rb:405:in `__run_callback'
  activesupport (3.2.6) lib/active_support/callbacks.rb:385:in `_run_process_action_callbacks'
  activesupport (3.2.6) lib/active_support/callbacks.rb:81:in `run_callbacks'
  actionpack (3.2.6) lib/abstract_controller/callbacks.rb:17:in `process_action'
  actionpack (3.2.6) lib/action_controller/metal/rescue.rb:29:in `process_action'
  actionpack (3.2.6) lib/action_controller/metal/instrumentation.rb:30:in `block in process_action'
  activesupport (3.2.6) lib/active_support/notifications.rb:123:in `block in instrument'
  activesupport (3.2.6) lib/active_support/notifications/instrumenter.rb:20:in `instrument'
  activesupport (3.2.6) lib/active_support/notifications.rb:123:in `instrument'
  actionpack (3.2.6) lib/action_controller/metal/instrumentation.rb:29:in `process_action'
  actionpack (3.2.6) lib/action_controller/metal/params_wrapper.rb:206:in `process_action'
  activerecord (3.2.6) lib/active_record/railties/controller_runtime.rb:18:in `process_action'
  actionpack (3.2.6) lib/abstract_controller/base.rb:121:in `process'
  actionpack (3.2.6) lib/abstract_controller/rendering.rb:45:in `process'
  actionpack (3.2.6) lib/action_controller/metal.rb:203:in `dispatch'
  actionpack (3.2.6) lib/action_controller/metal/rack_delegation.rb:14:in `dispatch'
  actionpack (3.2.6) lib/action_controller/metal.rb:246:in `block in action'
  actionpack (3.2.6) lib/action_dispatch/routing/route_set.rb:73:in `call'
  actionpack (3.2.6) lib/action_dispatch/routing/route_set.rb:73:in `dispatch'
  actionpack (3.2.6) lib/action_dispatch/routing/route_set.rb:36:in `call'
  journey (1.0.4) lib/journey/router.rb:68:in `block in call'
  journey (1.0.4) lib/journey/router.rb:56:in `each'
  journey (1.0.4) lib/journey/router.rb:56:in `call'
  actionpack (3.2.6) lib/action_dispatch/routing/route_set.rb:600:in `call'
  actionpack (3.2.6) lib/action_dispatch/middleware/best_standards_support.rb:17:in `call'
  rack (1.4.1) lib/rack/etag.rb:23:in `call'
  rack (1.4.1) lib/rack/conditionalget.rb:25:in `call'
  actionpack (3.2.6) lib/action_dispatch/middleware/head.rb:14:in `call'
  actionpack (3.2.6) lib/action_dispatch/middleware/params_parser.rb:21:in `call'
  actionpack (3.2.6) lib/action_dispatch/middleware/flash.rb:242:in `call'
  rack (1.4.1) lib/rack/session/abstract/id.rb:205:in `context'
  rack (1.4.1) lib/rack/session/abstract/id.rb:200:in `call'
  actionpack (3.2.6) lib/action_dispatch/middleware/cookies.rb:338:in `call'
  activerecord (3.2.6) lib/active_record/query_cache.rb:64:in `call'
  activerecord (3.2.6) lib/active_record/connection_adapters/abstract/connection_pool.rb:473:in `call'
  actionpack (3.2.6) lib/action_dispatch/middleware/callbacks.rb:28:in `block in call'
  activesupport (3.2.6) lib/active_support/callbacks.rb:405:in `_run__3079735338246495819__call__3459905943495514506__callbacks'
  activesupport (3.2.6) lib/active_support/callbacks.rb:405:in `__run_callback'
  activesupport (3.2.6) lib/active_support/callbacks.rb:385:in `_run_call_callbacks'
  activesupport (3.2.6) lib/active_support/callbacks.rb:81:in `run_callbacks'
  actionpack (3.2.6) lib/action_dispatch/middleware/callbacks.rb:27:in `call'
  actionpack (3.2.6) lib/action_dispatch/middleware/reloader.rb:65:in `call'
  actionpack (3.2.6) lib/action_dispatch/middleware/remote_ip.rb:31:in `call'
  actionpack (3.2.6) lib/action_dispatch/middleware/debug_exceptions.rb:16:in `call'
  actionpack (3.2.6) lib/action_dispatch/middleware/show_exceptions.rb:56:in `call'
  railties (3.2.6) lib/rails/rack/logger.rb:26:in `call_app'
  railties (3.2.6) lib/rails/rack/logger.rb:16:in `call'
  actionpack (3.2.6) lib/action_dispatch/middleware/request_id.rb:22:in `call'
  rack (1.4.1) lib/rack/methodoverride.rb:21:in `call'
  rack (1.4.1) lib/rack/runtime.rb:17:in `call'
  activesupport (3.2.6) lib/active_support/cache/strategy/local_cache.rb:72:in `call'
  rack (1.4.1) lib/rack/lock.rb:15:in `call'
  actionpack (3.2.6) lib/action_dispatch/middleware/static.rb:62:in `call'
  railties (3.2.6) lib/rails/engine.rb:479:in `call'
  railties (3.2.6) lib/rails/application.rb:220:in `call'
  rack (1.4.1) lib/rack/content_length.rb:14:in `call'
  railties (3.2.6) lib/rails/rack/log_tailer.rb:17:in `call'
  rack (1.4.1) lib/rack/handler/webrick.rb:59:in `service'
  /usr/lib/ruby/1.9.1/webrick/httpserver.rb:138:in `service'
  /usr/lib/ruby/1.9.1/webrick/httpserver.rb:94:in `run'
  /usr/lib/ruby/1.9.1/webrick/server.rb:191:in `block in start_thread'


  Rendered /usr/lib/ruby/gems/1.9.1/gems/actionpack-3.2.6/lib/action_dispatch/middleware/templates/rescues/missing_template.erb within rescues/layout (0.3ms)


Started GET "/" for 127.0.0.1 at 2012-07-04 13:30:31 -0600
Processing by RpsesController#index as HTML
Completed 500 Internal Server Error in 1ms

ActionView::MissingTemplate (Missing template rpses/index, application/index with {:locale=>[:en], :formats=>[:html], :handlers=>[:erb, :builder, :coffee]}. Searched in:
  * "/home/rmcaleavy/new_rps/app/views"
):
  actionpack (3.2.6) lib/action_view/path_set.rb:58:in `find'
  actionpack (3.2.6) lib/action_view/lookup_context.rb:109:in `find'
  actionpack (3.2.6) lib/action_view/renderer/abstract_renderer.rb:3:in `find_template'
  actionpack (3.2.6) lib/action_view/renderer/template_renderer.rb:34:in `determine_template'
  actionpack (3.2.6) lib/action_view/renderer/template_renderer.rb:10:in `render'
  actionpack (3.2.6) lib/action_view/renderer/renderer.rb:36:in `render_template'
  actionpack (3.2.6) lib/action_view/renderer/renderer.rb:17:in `render'
  actionpack (3.2.6) lib/abstract_controller/rendering.rb:110:in `_render_template'
  actionpack (3.2.6) lib/action_controller/metal/streaming.rb:225:in `_render_template'
  actionpack (3.2.6) lib/abstract_controller/rendering.rb:103:in `render_to_body'
  actionpack (3.2.6) lib/action_controller/metal/renderers.rb:28:in `render_to_body'
  actionpack (3.2.6) lib/action_controller/metal/compatibility.rb:50:in `render_to_body'
  actionpack (3.2.6) lib/abstract_controller/rendering.rb:88:in `render'
  actionpack (3.2.6) lib/action_controller/metal/rendering.rb:16:in `render'
  actionpack (3.2.6) lib/action_controller/metal/instrumentation.rb:40:in `block (2 levels) in render'
  activesupport (3.2.6) lib/active_support/core_ext/benchmark.rb:5:in `block in ms'
  /usr/lib/ruby/1.9.1/benchmark.rb:295:in `realtime'
  activesupport (3.2.6) lib/active_support/core_ext/benchmark.rb:5:in `ms'
  actionpack (3.2.6) lib/action_controller/metal/instrumentation.rb:40:in `block in render'
  actionpack (3.2.6) lib/action_controller/metal/instrumentation.rb:83:in `cleanup_view_runtime'
  activerecord (3.2.6) lib/active_record/railties/controller_runtime.rb:24:in `cleanup_view_runtime'
  actionpack (3.2.6) lib/action_controller/metal/instrumentation.rb:39:in `render'
  actionpack (3.2.6) lib/action_controller/metal/implicit_render.rb:10:in `default_render'
  actionpack (3.2.6) lib/action_controller/metal/implicit_render.rb:5:in `send_action'
  actionpack (3.2.6) lib/abstract_controller/base.rb:167:in `process_action'
  actionpack (3.2.6) lib/action_controller/metal/rendering.rb:10:in `process_action'
  actionpack (3.2.6) lib/abstract_controller/callbacks.rb:18:in `block in process_action'
  activesupport (3.2.6) lib/active_support/callbacks.rb:414:in `_run__3945307682235736230__process_action__1999050504090652271__callbacks'
  activesupport (3.2.6) lib/active_support/callbacks.rb:405:in `__run_callback'
  activesupport (3.2.6) lib/active_support/callbacks.rb:385:in `_run_process_action_callbacks'
  activesupport (3.2.6) lib/active_support/callbacks.rb:81:in `run_callbacks'
  actionpack (3.2.6) lib/abstract_controller/callbacks.rb:17:in `process_action'
  actionpack (3.2.6) lib/action_controller/metal/rescue.rb:29:in `process_action'
  actionpack (3.2.6) lib/action_controller/metal/instrumentation.rb:30:in `block in process_action'
  activesupport (3.2.6) lib/active_support/notifications.rb:123:in `block in instrument'
  activesupport (3.2.6) lib/active_support/notifications/instrumenter.rb:20:in `instrument'
  activesupport (3.2.6) lib/active_support/notifications.rb:123:in `instrument'
  actionpack (3.2.6) lib/action_controller/metal/instrumentation.rb:29:in `process_action'
  actionpack (3.2.6) lib/action_controller/metal/params_wrapper.rb:206:in `process_action'
  activerecord (3.2.6) lib/active_record/railties/controller_runtime.rb:18:in `process_action'
  actionpack (3.2.6) lib/abstract_controller/base.rb:121:in `process'
  actionpack (3.2.6) lib/abstract_controller/rendering.rb:45:in `process'
  actionpack (3.2.6) lib/action_controller/metal.rb:203:in `dispatch'
  actionpack (3.2.6) lib/action_controller/metal/rack_delegation.rb:14:in `dispatch'
  actionpack (3.2.6) lib/action_controller/metal.rb:246:in `block in action'
  actionpack (3.2.6) lib/action_dispatch/routing/route_set.rb:73:in `call'
  actionpack (3.2.6) lib/action_dispatch/routing/route_set.rb:73:in `dispatch'
  actionpack (3.2.6) lib/action_dispatch/routing/route_set.rb:36:in `call'
  journey (1.0.4) lib/journey/router.rb:68:in `block in call'
  journey (1.0.4) lib/journey/router.rb:56:in `each'
  journey (1.0.4) lib/journey/router.rb:56:in `call'
  actionpack (3.2.6) lib/action_dispatch/routing/route_set.rb:600:in `call'
  actionpack (3.2.6) lib/action_dispatch/middleware/best_standards_support.rb:17:in `call'
  rack (1.4.1) lib/rack/etag.rb:23:in `call'
  rack (1.4.1) lib/rack/conditionalget.rb:25:in `call'
  actionpack (3.2.6) lib/action_dispatch/middleware/head.rb:14:in `call'
  actionpack (3.2.6) lib/action_dispatch/middleware/params_parser.rb:21:in `call'
  actionpack (3.2.6) lib/action_dispatch/middleware/flash.rb:242:in `call'
  rack (1.4.1) lib/rack/session/abstract/id.rb:205:in `context'
  rack (1.4.1) lib/rack/session/abstract/id.rb:200:in `call'
  actionpack (3.2.6) lib/action_dispatch/middleware/cookies.rb:338:in `call'
  activerecord (3.2.6) lib/active_record/query_cache.rb:64:in `call'
  activerecord (3.2.6) lib/active_record/connection_adapters/abstract/connection_pool.rb:473:in `call'
  actionpack (3.2.6) lib/action_dispatch/middleware/callbacks.rb:28:in `block in call'
  activesupport (3.2.6) lib/active_support/callbacks.rb:405:in `_run__3079735338246495819__call__3459905943495514506__callbacks'
  activesupport (3.2.6) lib/active_support/callbacks.rb:405:in `__run_callback'
  activesupport (3.2.6) lib/active_support/callbacks.rb:385:in `_run_call_callbacks'
  activesupport (3.2.6) lib/active_support/callbacks.rb:81:in `run_callbacks'
  actionpack (3.2.6) lib/action_dispatch/middleware/callbacks.rb:27:in `call'
  actionpack (3.2.6) lib/action_dispatch/middleware/reloader.rb:65:in `call'
  actionpack (3.2.6) lib/action_dispatch/middleware/remote_ip.rb:31:in `call'
  actionpack (3.2.6) lib/action_dispatch/middleware/debug_exceptions.rb:16:in `call'
  actionpack (3.2.6) lib/action_dispatch/middleware/show_exceptions.rb:56:in `call'
  railties (3.2.6) lib/rails/rack/logger.rb:26:in `call_app'
  railties (3.2.6) lib/rails/rack/logger.rb:16:in `call'
  actionpack (3.2.6) lib/action_dispatch/middleware/request_id.rb:22:in `call'
  rack (1.4.1) lib/rack/methodoverride.rb:21:in `call'
  rack (1.4.1) lib/rack/runtime.rb:17:in `call'
  activesupport (3.2.6) lib/active_support/cache/strategy/local_cache.rb:72:in `call'
  rack (1.4.1) lib/rack/lock.rb:15:in `call'
  actionpack (3.2.6) lib/action_dispatch/middleware/static.rb:62:in `call'
  railties (3.2.6) lib/rails/engine.rb:479:in `call'
  railties (3.2.6) lib/rails/application.rb:220:in `call'
  rack (1.4.1) lib/rack/content_length.rb:14:in `call'
  railties (3.2.6) lib/rails/rack/log_tailer.rb:17:in `call'
  rack (1.4.1) lib/rack/handler/webrick.rb:59:in `service'
  /usr/lib/ruby/1.9.1/webrick/httpserver.rb:138:in `service'
  /usr/lib/ruby/1.9.1/webrick/httpserver.rb:94:in `run'
  /usr/lib/ruby/1.9.1/webrick/server.rb:191:in `block in start_thread'


  Rendered /usr/lib/ruby/gems/1.9.1/gems/actionpack-3.2.6/lib/action_dispatch/middleware/templates/rescues/missing_template.erb within rescues/layout (0.3ms)


Started GET "/" for 127.0.0.1 at 2012-07-04 13:32:12 -0600
Processing by RpsesController#index as HTML
  Rendered rpses/index.html.erb within layouts/application (0.2ms)
Compiled application.css  (0ms)  (pid 2977)
Compiled jquery.js  (1ms)  (pid 2977)
Compiled jquery_ujs.js  (0ms)  (pid 2977)
Compiled application.js  (37ms)  (pid 2977)
Completed 200 OK in 79ms (Views: 78.7ms | ActiveRecord: 0.0ms)


Started GET "/assets/application.css?body=1" for 127.0.0.1 at 2012-07-04 13:32:12 -0600
Served asset /application.css - 200 OK (2ms)


Started GET "/assets/jquery_ujs.js?body=1" for 127.0.0.1 at 2012-07-04 13:32:12 -0600
Served asset /jquery_ujs.js - 200 OK (3ms)


Started GET "/assets/application.js?body=1" for 127.0.0.1 at 2012-07-04 13:32:12 -0600
Served asset /application.js - 200 OK (1ms)


Started GET "/assets/jquery.js?body=1" for 127.0.0.1 at 2012-07-04 13:32:12 -0600
Served asset /jquery.js - 200 OK (1ms)


Started GET "/" for 127.0.0.1 at 2012-07-04 13:38:25 -0600
Processing by RpsesController#index as HTML
  Rendered rpses/index.html.erb within layouts/application (0.0ms)
Completed 200 OK in 4ms (Views: 3.5ms | ActiveRecord: 0.0ms)


Started GET "/assets/jquery_ujs.js?body=1" for 127.0.0.1 at 2012-07-04 13:38:25 -0600
Served asset /jquery_ujs.js - 304 Not Modified (0ms)


Started GET "/assets/application.js?body=1" for 127.0.0.1 at 2012-07-04 13:38:25 -0600
Served asset /application.js - 304 Not Modified (0ms)


Started GET "/assets/application.css?body=1" for 127.0.0.1 at 2012-07-04 13:38:25 -0600
Served asset /application.css - 304 Not Modified (0ms)


Started GET "/assets/jquery.js?body=1" for 127.0.0.1 at 2012-07-04 13:38:25 -0600
Served asset /jquery.js - 304 Not Modified (0ms)


Started GET "/" for 127.0.0.1 at 2012-07-04 13:38:28 -0600
Processing by RpsesController#index as HTML
  Rendered rpses/index.html.erb within layouts/application (0.0ms)
Completed 200 OK in 2ms (Views: 1.9ms | ActiveRecord: 0.0ms)


Started GET "/assets/application.css?body=1" for 127.0.0.1 at 2012-07-04 13:38:28 -0600
Served asset /application.css - 304 Not Modified (0ms)


Started GET "/assets/jquery.js?body=1" for 127.0.0.1 at 2012-07-04 13:38:28 -0600
Served asset /jquery.js - 304 Not Modified (0ms)


Started GET "/assets/jquery_ujs.js?body=1" for 127.0.0.1 at 2012-07-04 13:38:28 -0600
Served asset /jquery_ujs.js - 304 Not Modified (0ms)


Started GET "/assets/application.js?body=1" for 127.0.0.1 at 2012-07-04 13:38:28 -0600
Served asset /application.js - 304 Not Modified (0ms)


Started GET "/" for 127.0.0.1 at 2012-07-04 13:40:03 -0600
Processing by RpsesController#index as HTML
  Rendered rpses/index.html.erb within layouts/application (0.0ms)
Completed 200 OK in 2ms (Views: 1.8ms | ActiveRecord: 0.0ms)


Started GET "/assets/jquery_ujs.js?body=1" for 127.0.0.1 at 2012-07-04 13:40:03 -0600
Served asset /jquery_ujs.js - 304 Not Modified (0ms)


Started GET "/assets/application.js?body=1" for 127.0.0.1 at 2012-07-04 13:40:03 -0600
Served asset /application.js - 304 Not Modified (0ms)


Started GET "/assets/application.css?body=1" for 127.0.0.1 at 2012-07-04 13:40:03 -0600
Served asset /application.css - 304 Not Modified (0ms)


Started GET "/assets/jquery.js?body=1" for 127.0.0.1 at 2012-07-04 13:40:03 -0600
Served asset /jquery.js - 304 Not Modified (0ms)


Started GET "/" for 127.0.0.1 at 2012-07-04 13:40:31 -0600
Processing by RpsesController#index as HTML
  Rendered rpses/index.html.erb within layouts/application (0.0ms)
Completed 200 OK in 3ms (Views: 2.5ms | ActiveRecord: 0.0ms)


Started GET "/assets/jquery.js?body=1" for 127.0.0.1 at 2012-07-04 13:40:31 -0600
Served asset /jquery.js - 304 Not Modified (0ms)


Started GET "/assets/jquery_ujs.js?body=1" for 127.0.0.1 at 2012-07-04 13:40:31 -0600
Served asset /jquery_ujs.js - 304 Not Modified (0ms)


Started GET "/assets/application.js?body=1" for 127.0.0.1 at 2012-07-04 13:40:31 -0600
Served asset /application.js - 304 Not Modified (0ms)


Started GET "/assets/application.css?body=1" for 127.0.0.1 at 2012-07-04 13:40:31 -0600
Served asset /application.css - 304 Not Modified (0ms)


Started GET "/" for 127.0.0.1 at 2012-07-04 13:41:39 -0600
Processing by RpsesController#index as HTML
  Rendered rpses/index.html.erb within layouts/application (0.0ms)
Completed 200 OK in 2ms (Views: 2.0ms | ActiveRecord: 0.0ms)


Started GET "/assets/application.css?body=1" for 127.0.0.1 at 2012-07-04 13:41:39 -0600
Served asset /application.css - 304 Not Modified (0ms)


Started GET "/assets/jquery.js?body=1" for 127.0.0.1 at 2012-07-04 13:41:39 -0600
Served asset /jquery.js - 304 Not Modified (0ms)


Started GET "/assets/jquery_ujs.js?body=1" for 127.0.0.1 at 2012-07-04 13:41:39 -0600
Served asset /jquery_ujs.js - 304 Not Modified (5ms)


Started GET "/assets/application.js?body=1" for 127.0.0.1 at 2012-07-04 13:41:39 -0600
Served asset /application.js - 304 Not Modified (0ms)


Started GET "/" for 127.0.0.1 at 2012-07-04 13:41:48 -0600
Processing by RpsesController#index as HTML
  Rendered rpses/index.html.erb within layouts/application (0.0ms)
Completed 200 OK in 6ms (Views: 5.6ms | ActiveRecord: 0.0ms)


Started GET "/assets/jquery_ujs.js?body=1" for 127.0.0.1 at 2012-07-04 13:41:48 -0600
Served asset /jquery_ujs.js - 304 Not Modified (0ms)


Started GET "/assets/application.css?body=1" for 127.0.0.1 at 2012-07-04 13:41:48 -0600
Served asset /application.css - 304 Not Modified (0ms)


Started GET "/assets/application.js?body=1" for 127.0.0.1 at 2012-07-04 13:41:48 -0600
Served asset /application.js - 304 Not Modified (0ms)


Started GET "/assets/jquery.js?body=1" for 127.0.0.1 at 2012-07-04 13:41:48 -0600
Served asset /jquery.js - 304 Not Modified (0ms)


Started GET "/" for 127.0.0.1 at 2012-07-04 13:43:13 -0600
Processing by RpsesController#index as HTML
  Rendered rpses/index.html.erb within layouts/application (0.0ms)
Completed 200 OK in 2ms (Views: 2.0ms | ActiveRecord: 0.0ms)


Started GET "/assets/jquery_ujs.js?body=1" for 127.0.0.1 at 2012-07-04 13:43:13 -0600
Served asset /jquery_ujs.js - 304 Not Modified (0ms)


Started GET "/assets/application.js?body=1" for 127.0.0.1 at 2012-07-04 13:43:13 -0600
Served asset /application.js - 304 Not Modified (0ms)


Started GET "/assets/application.css?body=1" for 127.0.0.1 at 2012-07-04 13:43:13 -0600
Served asset /application.css - 304 Not Modified (0ms)


Started GET "/assets/jquery.js?body=1" for 127.0.0.1 at 2012-07-04 13:43:13 -0600
Served asset /jquery.js - 304 Not Modified (0ms)


Started GET "/" for 127.0.0.1 at 2012-07-04 13:43:46 -0600
Processing by RpsesController#index as HTML
  Rendered rpses/index.html.erb within layouts/application (0.2ms)
Completed 200 OK in 8ms (Views: 8.0ms | ActiveRecord: 0.0ms)


Started GET "/assets/jquery_ujs.js?body=1" for 127.0.0.1 at 2012-07-04 13:43:46 -0600
Served asset /jquery_ujs.js - 304 Not Modified (0ms)


Started GET "/assets/application.js?body=1" for 127.0.0.1 at 2012-07-04 13:43:46 -0600
Served asset /application.js - 304 Not Modified (0ms)


Started GET "/assets/application.css?body=1" for 127.0.0.1 at 2012-07-04 13:43:46 -0600
Served asset /application.css - 304 Not Modified (0ms)


Started GET "/assets/jquery.js?body=1" for 127.0.0.1 at 2012-07-04 13:43:46 -0600
Served asset /jquery.js - 304 Not Modified (0ms)


Started GET "/" for 127.0.0.1 at 2012-07-04 13:43:48 -0600
Processing by RpsesController#index as HTML
  Rendered rpses/index.html.erb within layouts/application (0.0ms)
Completed 200 OK in 4ms (Views: 4.1ms | ActiveRecord: 0.0ms)


Started GET "/assets/jquery_ujs.js?body=1" for 127.0.0.1 at 2012-07-04 13:43:48 -0600
Served asset /jquery_ujs.js - 304 Not Modified (0ms)


Started GET "/assets/application.js?body=1" for 127.0.0.1 at 2012-07-04 13:43:48 -0600
Served asset /application.js - 304 Not Modified (0ms)


Started GET "/assets/application.css?body=1" for 127.0.0.1 at 2012-07-04 13:43:48 -0600
Served asset /application.css - 304 Not Modified (0ms)


Started GET "/assets/jquery.js?body=1" for 127.0.0.1 at 2012-07-04 13:43:48 -0600
Served asset /jquery.js - 304 Not Modified (0ms)


Started GET "/" for 127.0.0.1 at 2012-07-04 13:43:50 -0600
Processing by RpsesController#index as HTML
  Rendered rpses/index.html.erb within layouts/application (0.0ms)
Completed 200 OK in 2ms (Views: 1.8ms | ActiveRecord: 0.0ms)


Started GET "/assets/jquery_ujs.js?body=1" for 127.0.0.1 at 2012-07-04 13:43:50 -0600
Served asset /jquery_ujs.js - 304 Not Modified (0ms)


Started GET "/assets/application.js?body=1" for 127.0.0.1 at 2012-07-04 13:43:50 -0600
Served asset /application.js - 304 Not Modified (0ms)


Started GET "/assets/application.css?body=1" for 127.0.0.1 at 2012-07-04 13:43:50 -0600
Served asset /application.css - 304 Not Modified (0ms)


Started GET "/assets/jquery.js?body=1" for 127.0.0.1 at 2012-07-04 13:43:50 -0600
Served asset /jquery.js - 304 Not Modified (0ms)


Started GET "/" for 127.0.0.1 at 2012-07-04 13:43:51 -0600
Processing by RpsesController#index as HTML
  Rendered rpses/index.html.erb within layouts/application (0.0ms)
Completed 200 OK in 3ms (Views: 2.4ms | ActiveRecord: 0.0ms)


Started GET "/assets/application.css?body=1" for 127.0.0.1 at 2012-07-04 13:43:51 -0600
Served asset /application.css - 304 Not Modified (0ms)


Started GET "/assets/jquery.js?body=1" for 127.0.0.1 at 2012-07-04 13:43:51 -0600
Served asset /jquery.js - 304 Not Modified (0ms)


Started GET "/assets/jquery_ujs.js?body=1" for 127.0.0.1 at 2012-07-04 13:43:51 -0600
Served asset /jquery_ujs.js - 304 Not Modified (0ms)


Started GET "/assets/application.js?body=1" for 127.0.0.1 at 2012-07-04 13:43:51 -0600
Served asset /application.js - 304 Not Modified (0ms)


Started GET "/" for 127.0.0.1 at 2012-07-04 13:44:18 -0600
Connecting to database specified by database.yml
Processing by RpsesController#index as HTML
  Rendered rpses/index.html.erb within layouts/application (2.1ms)
Completed 200 OK in 28ms (Views: 27.2ms | ActiveRecord: 0.0ms)


Started GET "/assets/jquery_ujs.js?body=1" for 127.0.0.1 at 2012-07-04 13:44:18 -0600
Served asset /jquery_ujs.js - 304 Not Modified (1ms)


Started GET "/assets/application.js?body=1" for 127.0.0.1 at 2012-07-04 13:44:18 -0600
Served asset /application.js - 304 Not Modified (1ms)


Started GET "/assets/application.css?body=1" for 127.0.0.1 at 2012-07-04 13:44:18 -0600
Served asset /application.css - 304 Not Modified (0ms)


Started GET "/assets/jquery.js?body=1" for 127.0.0.1 at 2012-07-04 13:44:18 -0600
Served asset /jquery.js - 304 Not Modified (1ms)


Started GET "/" for 127.0.0.1 at 2012-07-04 13:44:19 -0600
Processing by RpsesController#index as HTML
  Rendered rpses/index.html.erb within layouts/application (0.0ms)
Completed 200 OK in 5ms (Views: 4.5ms | ActiveRecord: 0.0ms)


Started GET "/assets/jquery_ujs.js?body=1" for 127.0.0.1 at 2012-07-04 13:44:19 -0600
Served asset /jquery_ujs.js - 304 Not Modified (0ms)


Started GET "/assets/application.js?body=1" for 127.0.0.1 at 2012-07-04 13:44:19 -0600
Served asset /application.js - 304 Not Modified (0ms)


Started GET "/assets/application.css?body=1" for 127.0.0.1 at 2012-07-04 13:44:19 -0600
Served asset /application.css - 304 Not Modified (0ms)


Started GET "/assets/jquery.js?body=1" for 127.0.0.1 at 2012-07-04 13:44:19 -0600
Served asset /jquery.js - 304 Not Modified (0ms)


Started GET "/" for 127.0.0.1 at 2012-07-04 13:45:30 -0600
Connecting to database specified by database.yml
Processing by RpsesController#index as HTML
  Rendered rpses/index.html.erb within layouts/application (1.4ms)
Completed 200 OK in 27ms (Views: 27.0ms | ActiveRecord: 0.0ms)


Started GET "/assets/jquery_ujs.js?body=1" for 127.0.0.1 at 2012-07-04 13:45:31 -0600
Served asset /jquery_ujs.js - 304 Not Modified (1ms)


Started GET "/assets/application.js?body=1" for 127.0.0.1 at 2012-07-04 13:45:31 -0600
Served asset /application.js - 304 Not Modified (1ms)


Started GET "/assets/application.css?body=1" for 127.0.0.1 at 2012-07-04 13:45:31 -0600
Served asset /application.css - 304 Not Modified (0ms)


Started GET "/assets/jquery.js?body=1" for 127.0.0.1 at 2012-07-04 13:45:31 -0600
Served asset /jquery.js - 304 Not Modified (3ms)


Started GET "/" for 127.0.0.1 at 2012-07-04 13:47:17 -0600
Processing by RpsesController#index as HTML
  Rendered rpses/index.html.erb within layouts/application (0.3ms)
Completed 200 OK in 4ms (Views: 4.1ms | ActiveRecord: 0.0ms)


Started GET "/assets/application.css?body=1" for 127.0.0.1 at 2012-07-04 13:47:17 -0600
Served asset /application.css - 304 Not Modified (0ms)


Started GET "/assets/jquery.js?body=1" for 127.0.0.1 at 2012-07-04 13:47:17 -0600
Served asset /jquery.js - 304 Not Modified (0ms)


Started GET "/assets/jquery_ujs.js?body=1" for 127.0.0.1 at 2012-07-04 13:47:17 -0600
Served asset /jquery_ujs.js - 304 Not Modified (0ms)


Started GET "/assets/application.js?body=1" for 127.0.0.1 at 2012-07-04 13:47:17 -0600
Served asset /application.js - 304 Not Modified (0ms)


Started GET "/" for 127.0.0.1 at 2012-07-04 13:51:29 -0600
Processing by RpsesController#index as HTML
  Rendered rpses/index.html.erb within layouts/application (0.3ms)
Completed 200 OK in 6ms (Views: 5.9ms | ActiveRecord: 0.0ms)


Started GET "/assets/application.css?body=1" for 127.0.0.1 at 2012-07-04 13:51:29 -0600
Served asset /application.css - 304 Not Modified (0ms)


Started GET "/assets/application.js?body=1" for 127.0.0.1 at 2012-07-04 13:51:29 -0600
Served asset /application.js - 304 Not Modified (0ms)


Started GET "/assets/jquery.js?body=1" for 127.0.0.1 at 2012-07-04 13:51:29 -0600
Served asset /jquery.js - 304 Not Modified (0ms)


Started GET "/assets/jquery_ujs.js?body=1" for 127.0.0.1 at 2012-07-04 13:51:29 -0600
Served asset /jquery_ujs.js - 304 Not Modified (0ms)


Started GET "/" for 127.0.0.1 at 2012-07-04 13:52:05 -0600
Processing by RpsesController#index as HTML
  Rendered rpses/index.html.erb within layouts/application (0.3ms)
Completed 200 OK in 3ms (Views: 2.9ms | ActiveRecord: 0.0ms)


Started GET "/assets/application.css?body=1" for 127.0.0.1 at 2012-07-04 13:52:05 -0600
Served asset /application.css - 304 Not Modified (0ms)


Started GET "/assets/application.js?body=1" for 127.0.0.1 at 2012-07-04 13:52:05 -0600
Served asset /application.js - 304 Not Modified (0ms)


Started GET "/assets/jquery.js?body=1" for 127.0.0.1 at 2012-07-04 13:52:05 -0600
Served asset /jquery.js - 304 Not Modified (0ms)


Started GET "/assets/jquery_ujs.js?body=1" for 127.0.0.1 at 2012-07-04 13:52:05 -0600
Served asset /jquery_ujs.js - 304 Not Modified (0ms)


Started GET "/" for 127.0.0.1 at 2012-07-04 13:52:41 -0600
Processing by RpsesController#index as HTML
  Rendered rpses/index.html.erb within layouts/application (0.3ms)
Completed 200 OK in 5ms (Views: 4.8ms | ActiveRecord: 0.0ms)


Started GET "/assets/application.css?body=1" for 127.0.0.1 at 2012-07-04 13:52:41 -0600
Served asset /application.css - 304 Not Modified (0ms)


Started GET "/assets/jquery.js?body=1" for 127.0.0.1 at 2012-07-04 13:52:41 -0600
Served asset /jquery.js - 304 Not Modified (0ms)


Started GET "/assets/application.js?body=1" for 127.0.0.1 at 2012-07-04 13:52:41 -0600
Served asset /application.js - 304 Not Modified (0ms)


Started GET "/assets/jquery_ujs.js?body=1" for 127.0.0.1 at 2012-07-04 13:52:41 -0600
Served asset /jquery_ujs.js - 304 Not Modified (0ms)


Started GET "/" for 127.0.0.1 at 2012-07-04 13:53:38 -0600
Processing by RpsesController#index as HTML
  Rendered rpses/index.html.erb within layouts/application (0.2ms)
Completed 200 OK in 3ms (Views: 2.5ms | ActiveRecord: 0.0ms)


Started GET "/assets/application.css?body=1" for 127.0.0.1 at 2012-07-04 13:53:38 -0600
Served asset /application.css - 304 Not Modified (0ms)


Started GET "/assets/application.js?body=1" for 127.0.0.1 at 2012-07-04 13:53:38 -0600
Served asset /application.js - 304 Not Modified (0ms)


Started GET "/assets/jquery.js?body=1" for 127.0.0.1 at 2012-07-04 13:53:38 -0600
Served asset /jquery.js - 304 Not Modified (0ms)


Started GET "/assets/jquery_ujs.js?body=1" for 127.0.0.1 at 2012-07-04 13:53:38 -0600
Served asset /jquery_ujs.js - 304 Not Modified (0ms)


Started GET "/" for 127.0.0.1 at 2012-07-04 13:54:48 -0600
Processing by RpsesController#index as HTML
  Rendered rpses/index.html.erb within layouts/application (0.2ms)
Completed 200 OK in 3ms (Views: 2.3ms | ActiveRecord: 0.0ms)


Started GET "/assets/application.css?body=1" for 127.0.0.1 at 2012-07-04 13:54:48 -0600
Served asset /application.css - 304 Not Modified (0ms)


Started GET "/assets/application.js?body=1" for 127.0.0.1 at 2012-07-04 13:54:48 -0600
Served asset /application.js - 304 Not Modified (0ms)


Started GET "/assets/jquery.js?body=1" for 127.0.0.1 at 2012-07-04 13:54:48 -0600
Served asset /jquery.js - 304 Not Modified (0ms)


Started GET "/assets/jquery_ujs.js?body=1" for 127.0.0.1 at 2012-07-04 13:54:48 -0600
Served asset /jquery_ujs.js - 304 Not Modified (0ms)


Started GET "/rpses/1?hand_one=rock&hand_two=rock&submit=Play%21" for 127.0.0.1 at 2012-07-04 13:54:57 -0600

ActionController::RoutingError (No route matches [GET] "/rpses/1"):
  actionpack (3.2.6) lib/action_dispatch/middleware/debug_exceptions.rb:21:in `call'
  actionpack (3.2.6) lib/action_dispatch/middleware/show_exceptions.rb:56:in `call'
  railties (3.2.6) lib/rails/rack/logger.rb:26:in `call_app'
  railties (3.2.6) lib/rails/rack/logger.rb:16:in `call'
  actionpack (3.2.6) lib/action_dispatch/middleware/request_id.rb:22:in `call'
  rack (1.4.1) lib/rack/methodoverride.rb:21:in `call'
  rack (1.4.1) lib/rack/runtime.rb:17:in `call'
  activesupport (3.2.6) lib/active_support/cache/strategy/local_cache.rb:72:in `call'
  rack (1.4.1) lib/rack/lock.rb:15:in `call'
  actionpack (3.2.6) lib/action_dispatch/middleware/static.rb:62:in `call'
  railties (3.2.6) lib/rails/engine.rb:479:in `call'
  railties (3.2.6) lib/rails/application.rb:220:in `call'
  rack (1.4.1) lib/rack/content_length.rb:14:in `call'
  railties (3.2.6) lib/rails/rack/log_tailer.rb:17:in `call'
  rack (1.4.1) lib/rack/handler/webrick.rb:59:in `service'
  /usr/lib/ruby/1.9.1/webrick/httpserver.rb:138:in `service'
  /usr/lib/ruby/1.9.1/webrick/httpserver.rb:94:in `run'
  /usr/lib/ruby/1.9.1/webrick/server.rb:191:in `block in start_thread'


  Rendered /usr/lib/ruby/gems/1.9.1/gems/actionpack-3.2.6/lib/action_dispatch/middleware/templates/rescues/routing_error.erb within rescues/layout (0.5ms)


Started GET "/" for 127.0.0.1 at 2012-07-04 13:58:33 -0600
Processing by RpsesController#index as HTML
  Rendered rpses/index.html.erb within layouts/application (0.0ms)
Completed 200 OK in 3ms (Views: 3.0ms | ActiveRecord: 0.0ms)


Started GET "/assets/jquery_ujs.js?body=1" for 127.0.0.1 at 2012-07-04 13:58:33 -0600
Served asset /jquery_ujs.js - 304 Not Modified (0ms)


Started GET "/assets/application.js?body=1" for 127.0.0.1 at 2012-07-04 13:58:33 -0600
Served asset /application.js - 304 Not Modified (0ms)


Started GET "/assets/application.css?body=1" for 127.0.0.1 at 2012-07-04 13:58:33 -0600
Served asset /application.css - 304 Not Modified (0ms)


Started GET "/assets/jquery.js?body=1" for 127.0.0.1 at 2012-07-04 13:58:33 -0600
Served asset /jquery.js - 304 Not Modified (0ms)


Started GET "/rpses/1?hand_one=paper&hand_two=rock&submit=Play%21" for 127.0.0.1 at 2012-07-04 13:58:38 -0600

ActionController::RoutingError (No route matches [GET] "/rpses/1"):
  actionpack (3.2.6) lib/action_dispatch/middleware/debug_exceptions.rb:21:in `call'
  actionpack (3.2.6) lib/action_dispatch/middleware/show_exceptions.rb:56:in `call'
  railties (3.2.6) lib/rails/rack/logger.rb:26:in `call_app'
  railties (3.2.6) lib/rails/rack/logger.rb:16:in `call'
  actionpack (3.2.6) lib/action_dispatch/middleware/request_id.rb:22:in `call'
  rack (1.4.1) lib/rack/methodoverride.rb:21:in `call'
  rack (1.4.1) lib/rack/runtime.rb:17:in `call'
  activesupport (3.2.6) lib/active_support/cache/strategy/local_cache.rb:72:in `call'
  rack (1.4.1) lib/rack/lock.rb:15:in `call'
  actionpack (3.2.6) lib/action_dispatch/middleware/static.rb:62:in `call'
  railties (3.2.6) lib/rails/engine.rb:479:in `call'
  railties (3.2.6) lib/rails/application.rb:220:in `call'
  rack (1.4.1) lib/rack/content_length.rb:14:in `call'
  railties (3.2.6) lib/rails/rack/log_tailer.rb:17:in `call'
  rack (1.4.1) lib/rack/handler/webrick.rb:59:in `service'
  /usr/lib/ruby/1.9.1/webrick/httpserver.rb:138:in `service'
  /usr/lib/ruby/1.9.1/webrick/httpserver.rb:94:in `run'
  /usr/lib/ruby/1.9.1/webrick/server.rb:191:in `block in start_thread'


  Rendered /usr/lib/ruby/gems/1.9.1/gems/actionpack-3.2.6/lib/action_dispatch/middleware/templates/rescues/routing_error.erb within rescues/layout (0.4ms)


Started GET "/rpses/1?hand_one=paper&hand_two=rock&submit=Play%21" for 127.0.0.1 at 2012-07-04 14:03:44 -0600

ActionController::RoutingError (No route matches [GET] "/rpses/1"):
  actionpack (3.2.6) lib/action_dispatch/middleware/debug_exceptions.rb:21:in `call'
  actionpack (3.2.6) lib/action_dispatch/middleware/show_exceptions.rb:56:in `call'
  railties (3.2.6) lib/rails/rack/logger.rb:26:in `call_app'
  railties (3.2.6) lib/rails/rack/logger.rb:16:in `call'
  actionpack (3.2.6) lib/action_dispatch/middleware/request_id.rb:22:in `call'
  rack (1.4.1) lib/rack/methodoverride.rb:21:in `call'
  rack (1.4.1) lib/rack/runtime.rb:17:in `call'
  activesupport (3.2.6) lib/active_support/cache/strategy/local_cache.rb:72:in `call'
  rack (1.4.1) lib/rack/lock.rb:15:in `call'
  actionpack (3.2.6) lib/action_dispatch/middleware/static.rb:62:in `call'
  railties (3.2.6) lib/rails/engine.rb:479:in `call'
  railties (3.2.6) lib/rails/application.rb:220:in `call'
  rack (1.4.1) lib/rack/content_length.rb:14:in `call'
  railties (3.2.6) lib/rails/rack/log_tailer.rb:17:in `call'
  rack (1.4.1) lib/rack/handler/webrick.rb:59:in `service'
  /usr/lib/ruby/1.9.1/webrick/httpserver.rb:138:in `service'
  /usr/lib/ruby/1.9.1/webrick/httpserver.rb:94:in `run'
  /usr/lib/ruby/1.9.1/webrick/server.rb:191:in `block in start_thread'


  Rendered /usr/lib/ruby/gems/1.9.1/gems/actionpack-3.2.6/lib/action_dispatch/middleware/templates/rescues/routing_error.erb within rescues/layout (0.5ms)


Started GET "/rpses/1?hand_one=paper&hand_two=rock&submit=Play%21" for 127.0.0.1 at 2012-07-04 14:05:04 -0600
Connecting to database specified by database.yml

ActionController::RoutingError (No route matches [GET] "/rpses/1"):
  actionpack (3.2.6) lib/action_dispatch/middleware/debug_exceptions.rb:21:in `call'
  actionpack (3.2.6) lib/action_dispatch/middleware/show_exceptions.rb:56:in `call'
  railties (3.2.6) lib/rails/rack/logger.rb:26:in `call_app'
  railties (3.2.6) lib/rails/rack/logger.rb:16:in `call'
  actionpack (3.2.6) lib/action_dispatch/middleware/request_id.rb:22:in `call'
  rack (1.4.1) lib/rack/methodoverride.rb:21:in `call'
  rack (1.4.1) lib/rack/runtime.rb:17:in `call'
  activesupport (3.2.6) lib/active_support/cache/strategy/local_cache.rb:72:in `call'
  rack (1.4.1) lib/rack/lock.rb:15:in `call'
  actionpack (3.2.6) lib/action_dispatch/middleware/static.rb:62:in `call'
  railties (3.2.6) lib/rails/engine.rb:479:in `call'
  railties (3.2.6) lib/rails/application.rb:220:in `call'
  rack (1.4.1) lib/rack/content_length.rb:14:in `call'
  railties (3.2.6) lib/rails/rack/log_tailer.rb:17:in `call'
  rack (1.4.1) lib/rack/handler/webrick.rb:59:in `service'
  /usr/lib/ruby/1.9.1/webrick/httpserver.rb:138:in `service'
  /usr/lib/ruby/1.9.1/webrick/httpserver.rb:94:in `run'
  /usr/lib/ruby/1.9.1/webrick/server.rb:191:in `block in start_thread'


  Rendered /usr/lib/ruby/gems/1.9.1/gems/actionpack-3.2.6/lib/action_dispatch/middleware/templates/rescues/routing_error.erb within rescues/layout (1.8ms)


Started GET "/rpses/1?hand_one=paper&hand_two=rock&submit=Play%21" for 127.0.0.1 at 2012-07-04 14:05:07 -0600

ActionController::RoutingError (No route matches [GET] "/rpses/1"):
  actionpack (3.2.6) lib/action_dispatch/middleware/debug_exceptions.rb:21:in `call'
  actionpack (3.2.6) lib/action_dispatch/middleware/show_exceptions.rb:56:in `call'
  railties (3.2.6) lib/rails/rack/logger.rb:26:in `call_app'
  railties (3.2.6) lib/rails/rack/logger.rb:16:in `call'
  actionpack (3.2.6) lib/action_dispatch/middleware/request_id.rb:22:in `call'
  rack (1.4.1) lib/rack/methodoverride.rb:21:in `call'
  rack (1.4.1) lib/rack/runtime.rb:17:in `call'
  activesupport (3.2.6) lib/active_support/cache/strategy/local_cache.rb:72:in `call'
  rack (1.4.1) lib/rack/lock.rb:15:in `call'
  actionpack (3.2.6) lib/action_dispatch/middleware/static.rb:62:in `call'
  railties (3.2.6) lib/rails/engine.rb:479:in `call'
  railties (3.2.6) lib/rails/application.rb:220:in `call'
  rack (1.4.1) lib/rack/content_length.rb:14:in `call'
  railties (3.2.6) lib/rails/rack/log_tailer.rb:17:in `call'
  rack (1.4.1) lib/rack/handler/webrick.rb:59:in `service'
  /usr/lib/ruby/1.9.1/webrick/httpserver.rb:138:in `service'
  /usr/lib/ruby/1.9.1/webrick/httpserver.rb:94:in `run'
  /usr/lib/ruby/1.9.1/webrick/server.rb:191:in `block in start_thread'


  Rendered /usr/lib/ruby/gems/1.9.1/gems/actionpack-3.2.6/lib/action_dispatch/middleware/templates/rescues/routing_error.erb within rescues/layout (0.5ms)


Started GET "/rpses/1?hand_one=paper&hand_two=rock&submit=Play%21" for 127.0.0.1 at 2012-07-04 14:09:35 -0600
Connecting to database specified by database.yml

ActionController::RoutingError (No route matches [GET] "/rpses/1"):
  actionpack (3.2.6) lib/action_dispatch/middleware/debug_exceptions.rb:21:in `call'
  actionpack (3.2.6) lib/action_dispatch/middleware/show_exceptions.rb:56:in `call'
  railties (3.2.6) lib/rails/rack/logger.rb:26:in `call_app'
  railties (3.2.6) lib/rails/rack/logger.rb:16:in `call'
  actionpack (3.2.6) lib/action_dispatch/middleware/request_id.rb:22:in `call'
  rack (1.4.1) lib/rack/methodoverride.rb:21:in `call'
  rack (1.4.1) lib/rack/runtime.rb:17:in `call'
  activesupport (3.2.6) lib/active_support/cache/strategy/local_cache.rb:72:in `call'
  rack (1.4.1) lib/rack/lock.rb:15:in `call'
  actionpack (3.2.6) lib/action_dispatch/middleware/static.rb:62:in `call'
  railties (3.2.6) lib/rails/engine.rb:479:in `call'
  railties (3.2.6) lib/rails/application.rb:220:in `call'
  rack (1.4.1) lib/rack/content_length.rb:14:in `call'
  railties (3.2.6) lib/rails/rack/log_tailer.rb:17:in `call'
  rack (1.4.1) lib/rack/handler/webrick.rb:59:in `service'
  /usr/lib/ruby/1.9.1/webrick/httpserver.rb:138:in `service'
  /usr/lib/ruby/1.9.1/webrick/httpserver.rb:94:in `run'
  /usr/lib/ruby/1.9.1/webrick/server.rb:191:in `block in start_thread'


  Rendered /usr/lib/ruby/gems/1.9.1/gems/actionpack-3.2.6/lib/action_dispatch/middleware/templates/rescues/routing_error.erb within rescues/layout (1.6ms)


Started GET "/rpses/1?hand_one=paper&hand_two=rock&submit=Play%21" for 127.0.0.1 at 2012-07-04 14:11:02 -0600
Processing by RpsesController#show as HTML
  Parameters: {"hand_one"=>"paper", "hand_two"=>"rock", "submit"=>"Play!", "id"=>"1"}
Completed 500 Internal Server Error in 1ms

NameError (uninitialized constant RpsesController::RPS):
  app/controllers/rpses_controller.rb:9:in `show'


  Rendered /usr/lib/ruby/gems/1.9.1/gems/actionpack-3.2.6/lib/action_dispatch/middleware/templates/rescues/_trace.erb (1.6ms)
  Rendered /usr/lib/ruby/gems/1.9.1/gems/actionpack-3.2.6/lib/action_dispatch/middleware/templates/rescues/_request_and_response.erb (0.8ms)
  Rendered /usr/lib/ruby/gems/1.9.1/gems/actionpack-3.2.6/lib/action_dispatch/middleware/templates/rescues/diagnostics.erb within rescues/layout (7.4ms)


Started GET "/rpses/1?hand_one=paper&hand_two=rock&submit=Play%21" for 127.0.0.1 at 2012-07-04 14:12:46 -0600
Processing by RpsesController#show as HTML
  Parameters: {"hand_one"=>"paper", "hand_two"=>"rock", "submit"=>"Play!", "id"=>"1"}
Completed 500 Internal Server Error in 1ms

NameError (uninitialized constant RpsesController::RPS):
  app/controllers/rpses_controller.rb:9:in `show'


  Rendered /usr/lib/ruby/gems/1.9.1/gems/actionpack-3.2.6/lib/action_dispatch/middleware/templates/rescues/_trace.erb (1.6ms)
  Rendered /usr/lib/ruby/gems/1.9.1/gems/actionpack-3.2.6/lib/action_dispatch/middleware/templates/rescues/_request_and_response.erb (1.0ms)
  Rendered /usr/lib/ruby/gems/1.9.1/gems/actionpack-3.2.6/lib/action_dispatch/middleware/templates/rescues/diagnostics.erb within rescues/layout (6.7ms)


Started GET "/" for 127.0.0.1 at 2012-07-04 14:13:16 -0600
Processing by RpsesController#index as HTML
  Rendered rpses/index.html.erb within layouts/application (0.2ms)
Completed 200 OK in 10ms (Views: 9.9ms | ActiveRecord: 0.0ms)


Started GET "/assets/jquery.js?body=1" for 127.0.0.1 at 2012-07-04 14:13:16 -0600
Served asset /jquery.js - 304 Not Modified (3ms)


Started GET "/assets/jquery_ujs.js?body=1" for 127.0.0.1 at 2012-07-04 14:13:16 -0600
Served asset /jquery_ujs.js - 304 Not Modified (0ms)


Started GET "/assets/application.css?body=1" for 127.0.0.1 at 2012-07-04 14:13:16 -0600
Served asset /application.css - 304 Not Modified (1ms)


Started GET "/assets/application.js?body=1" for 127.0.0.1 at 2012-07-04 14:13:16 -0600
Served asset /application.js - 304 Not Modified (2ms)


Started GET "/rpses/1?hand_one=paper&hand_two=rock&submit=Play%21" for 127.0.0.1 at 2012-07-04 14:13:17 -0600
Processing by RpsesController#show as HTML
  Parameters: {"hand_one"=>"paper", "hand_two"=>"rock", "submit"=>"Play!", "id"=>"1"}
Completed 500 Internal Server Error in 6ms

NameError (uninitialized constant RpsesController::RPS):
  app/controllers/rpses_controller.rb:9:in `show'


  Rendered /usr/lib/ruby/gems/1.9.1/gems/actionpack-3.2.6/lib/action_dispatch/middleware/templates/rescues/_trace.erb (2.1ms)
  Rendered /usr/lib/ruby/gems/1.9.1/gems/actionpack-3.2.6/lib/action_dispatch/middleware/templates/rescues/_request_and_response.erb (0.7ms)
  Rendered /usr/lib/ruby/gems/1.9.1/gems/actionpack-3.2.6/lib/action_dispatch/middleware/templates/rescues/diagnostics.erb within rescues/layout (6.0ms)


Started GET "/" for 127.0.0.1 at 2012-07-04 14:14:04 -0600
Processing by RpsesController#index as HTML
  Rendered rpses/index.html.erb within layouts/application (0.0ms)
Completed 200 OK in 3ms (Views: 2.4ms | ActiveRecord: 0.0ms)


Started GET "/assets/jquery.js?body=1" for 127.0.0.1 at 2012-07-04 14:14:04 -0600
Served asset /jquery.js - 304 Not Modified (0ms)


Started GET "/assets/application.css?body=1" for 127.0.0.1 at 2012-07-04 14:14:04 -0600
Served asset /application.css - 304 Not Modified (0ms)


Started GET "/assets/jquery_ujs.js?body=1" for 127.0.0.1 at 2012-07-04 14:14:04 -0600
Served asset /jquery_ujs.js - 304 Not Modified (0ms)


Started GET "/assets/application.js?body=1" for 127.0.0.1 at 2012-07-04 14:14:04 -0600
Served asset /application.js - 304 Not Modified (0ms)


Started GET "/rpses/1?hand_one=paper&hand_two=rock&submit=Play%21" for 127.0.0.1 at 2012-07-04 14:14:05 -0600
Processing by RpsesController#show as HTML
  Parameters: {"hand_one"=>"paper", "hand_two"=>"rock", "submit"=>"Play!", "id"=>"1"}
Completed 500 Internal Server Error in 1ms

NameError (uninitialized constant RpsesController::RPS):
  app/controllers/rpses_controller.rb:9:in `show'


  Rendered /usr/lib/ruby/gems/1.9.1/gems/actionpack-3.2.6/lib/action_dispatch/middleware/templates/rescues/_trace.erb (2.0ms)
  Rendered /usr/lib/ruby/gems/1.9.1/gems/actionpack-3.2.6/lib/action_dispatch/middleware/templates/rescues/_request_and_response.erb (0.4ms)
  Rendered /usr/lib/ruby/gems/1.9.1/gems/actionpack-3.2.6/lib/action_dispatch/middleware/templates/rescues/diagnostics.erb within rescues/layout (6.6ms)


Started GET "/" for 127.0.0.1 at 2012-07-04 14:20:26 -0600
Processing by RpsesController#index as HTML
  Rendered rpses/index.html.erb within layouts/application (0.0ms)
Completed 200 OK in 6ms (Views: 2.6ms | ActiveRecord: 0.0ms)


Started GET "/assets/application.css?body=1" for 127.0.0.1 at 2012-07-04 14:20:26 -0600
Served asset /application.css - 304 Not Modified (0ms)


Started GET "/assets/jquery.js?body=1" for 127.0.0.1 at 2012-07-04 14:20:26 -0600
Served asset /jquery.js - 304 Not Modified (0ms)


Started GET "/assets/jquery_ujs.js?body=1" for 127.0.0.1 at 2012-07-04 14:20:26 -0600
Served asset /jquery_ujs.js - 304 Not Modified (0ms)


Started GET "/assets/application.js?body=1" for 127.0.0.1 at 2012-07-04 14:20:26 -0600
Served asset /application.js - 304 Not Modified (0ms)


Started GET "/rpses/1?hand_one=paper&hand_two=rock&submit=Play%21" for 127.0.0.1 at 2012-07-04 14:20:27 -0600
Processing by RpsesController#show as HTML
  Parameters: {"hand_one"=>"paper", "hand_two"=>"rock", "submit"=>"Play!", "id"=>"1"}
Completed 500 Internal Server Error in 1ms

NameError (uninitialized constant RpsesController::RPS):
  app/controllers/rpses_controller.rb:9:in `show'


  Rendered /usr/lib/ruby/gems/1.9.1/gems/actionpack-3.2.6/lib/action_dispatch/middleware/templates/rescues/_trace.erb (0.7ms)
  Rendered /usr/lib/ruby/gems/1.9.1/gems/actionpack-3.2.6/lib/action_dispatch/middleware/templates/rescues/_request_and_response.erb (0.7ms)
  Rendered /usr/lib/ruby/gems/1.9.1/gems/actionpack-3.2.6/lib/action_dispatch/middleware/templates/rescues/diagnostics.erb within rescues/layout (6.5ms)


Started GET "/" for 127.0.0.1 at 2012-07-04 14:20:43 -0600
Processing by RpsesController#index as HTML
  Rendered rpses/index.html.erb within layouts/application (0.1ms)
Completed 200 OK in 5ms (Views: 4.7ms | ActiveRecord: 0.0ms)


Started GET "/assets/jquery_ujs.js?body=1" for 127.0.0.1 at 2012-07-04 14:20:43 -0600
Served asset /jquery_ujs.js - 304 Not Modified (0ms)


Started GET "/assets/application.js?body=1" for 127.0.0.1 at 2012-07-04 14:20:43 -0600
Served asset /application.js - 304 Not Modified (0ms)


Started GET "/assets/application.css?body=1" for 127.0.0.1 at 2012-07-04 14:20:43 -0600
Served asset /application.css - 304 Not Modified (0ms)


Started GET "/assets/jquery.js?body=1" for 127.0.0.1 at 2012-07-04 14:20:43 -0600
Served asset /jquery.js - 304 Not Modified (0ms)


Started GET "/rpses/1?hand_one=paper&hand_two=rock&submit=Play%21" for 127.0.0.1 at 2012-07-04 14:20:43 -0600
Processing by RpsesController#show as HTML
  Parameters: {"hand_one"=>"paper", "hand_two"=>"rock", "submit"=>"Play!", "id"=>"1"}
Completed 500 Internal Server Error in 1ms

NameError (uninitialized constant RpsesController::RPS):
  app/controllers/rpses_controller.rb:9:in `show'


  Rendered /usr/lib/ruby/gems/1.9.1/gems/actionpack-3.2.6/lib/action_dispatch/middleware/templates/rescues/_trace.erb (1.7ms)
  Rendered /usr/lib/ruby/gems/1.9.1/gems/actionpack-3.2.6/lib/action_dispatch/middleware/templates/rescues/_request_and_response.erb (0.7ms)
  Rendered /usr/lib/ruby/gems/1.9.1/gems/actionpack-3.2.6/lib/action_dispatch/middleware/templates/rescues/diagnostics.erb within rescues/layout (6.7ms)


Started GET "/" for 127.0.0.1 at 2012-07-04 14:22:50 -0600
Processing by RpsesController#index as HTML
  Rendered rpses/index.html.erb within layouts/application (0.3ms)
Completed 200 OK in 3ms (Views: 2.7ms | ActiveRecord: 0.0ms)


Started GET "/assets/application.css?body=1" for 127.0.0.1 at 2012-07-04 14:22:50 -0600
Served asset /application.css - 304 Not Modified (0ms)


Started GET "/assets/application.js?body=1" for 127.0.0.1 at 2012-07-04 14:22:50 -0600
Served asset /application.js - 304 Not Modified (0ms)


Started GET "/assets/jquery.js?body=1" for 127.0.0.1 at 2012-07-04 14:22:50 -0600
Served asset /jquery.js - 304 Not Modified (0ms)


Started GET "/assets/jquery_ujs.js?body=1" for 127.0.0.1 at 2012-07-04 14:22:50 -0600
Served asset /jquery_ujs.js - 304 Not Modified (0ms)


Started GET "/rpses/1?hand_one=paper&hand_two=rock&submit=Play%21" for 127.0.0.1 at 2012-07-04 14:22:51 -0600
Processing by RpsesController#show as HTML
  Parameters: {"hand_one"=>"paper", "hand_two"=>"rock", "submit"=>"Play!", "id"=>"1"}
Completed 500 Internal Server Error in 1ms

NameError (uninitialized constant RpsesController::RPS):
  app/controllers/rpses_controller.rb:9:in `show'


  Rendered /usr/lib/ruby/gems/1.9.1/gems/actionpack-3.2.6/lib/action_dispatch/middleware/templates/rescues/_trace.erb (1.6ms)
  Rendered /usr/lib/ruby/gems/1.9.1/gems/actionpack-3.2.6/lib/action_dispatch/middleware/templates/rescues/_request_and_response.erb (1.0ms)
  Rendered /usr/lib/ruby/gems/1.9.1/gems/actionpack-3.2.6/lib/action_dispatch/middleware/templates/rescues/diagnostics.erb within rescues/layout (7.0ms)


Started GET "/rpses/1?hand_one=paper&hand_two=rock&submit=Play%21" for 127.0.0.1 at 2012-07-04 14:25:00 -0600
Processing by RpsesController#show as HTML
  Parameters: {"hand_one"=>"paper", "hand_two"=>"rock", "submit"=>"Play!", "id"=>"1"}
Completed 500 Internal Server Error in 1ms

NameError (uninitialized constant RpsesController::RPS):
  app/controllers/rpses_controller.rb:9:in `show'


  Rendered /usr/lib/ruby/gems/1.9.1/gems/actionpack-3.2.6/lib/action_dispatch/middleware/templates/rescues/_trace.erb (1.8ms)
  Rendered /usr/lib/ruby/gems/1.9.1/gems/actionpack-3.2.6/lib/action_dispatch/middleware/templates/rescues/_request_and_response.erb (0.7ms)
  Rendered /usr/lib/ruby/gems/1.9.1/gems/actionpack-3.2.6/lib/action_dispatch/middleware/templates/rescues/diagnostics.erb within rescues/layout (22.8ms)


Started GET "/rpses/1?hand_one=paper&hand_two=rock&submit=Play%21" for 127.0.0.1 at 2012-07-04 14:26:50 -0600

LoadError (cannot load such file -- ../models/new_rps.rb):
  app/controllers/rpses_controller.rb:1:in `<top (required)>'


  Rendered /usr/lib/ruby/gems/1.9.1/gems/actionpack-3.2.6/lib/action_dispatch/middleware/templates/rescues/_trace.erb (1.7ms)
  Rendered /usr/lib/ruby/gems/1.9.1/gems/actionpack-3.2.6/lib/action_dispatch/middleware/templates/rescues/_request_and_response.erb (0.6ms)
  Rendered /usr/lib/ruby/gems/1.9.1/gems/actionpack-3.2.6/lib/action_dispatch/middleware/templates/rescues/diagnostics.erb within rescues/layout (6.2ms)


Started GET "/rpses/1?hand_one=paper&hand_two=rock&submit=Play%21" for 127.0.0.1 at 2012-07-04 14:27:16 -0600

LoadError (cannot load such file -- ./models/new_rps.rb):
  app/controllers/rpses_controller.rb:1:in `<top (required)>'


  Rendered /usr/lib/ruby/gems/1.9.1/gems/actionpack-3.2.6/lib/action_dispatch/middleware/templates/rescues/_trace.erb (1.6ms)
  Rendered /usr/lib/ruby/gems/1.9.1/gems/actionpack-3.2.6/lib/action_dispatch/middleware/templates/rescues/_request_and_response.erb (0.7ms)
  Rendered /usr/lib/ruby/gems/1.9.1/gems/actionpack-3.2.6/lib/action_dispatch/middleware/templates/rescues/diagnostics.erb within rescues/layout (5.5ms)


Started GET "/" for 127.0.0.1 at 2012-07-04 14:27:55 -0600
Processing by RpsesController#index as HTML
  Rendered rpses/index.html.erb within layouts/application (0.0ms)
Completed 200 OK in 3ms (Views: 2.3ms | ActiveRecord: 0.0ms)


Started GET "/assets/jquery_ujs.js?body=1" for 127.0.0.1 at 2012-07-04 14:27:55 -0600
Served asset /jquery_ujs.js - 304 Not Modified (0ms)


Started GET "/assets/application.js?body=1" for 127.0.0.1 at 2012-07-04 14:27:56 -0600
Served asset /application.js - 304 Not Modified (0ms)


Started GET "/assets/application.css?body=1" for 127.0.0.1 at 2012-07-04 14:27:56 -0600
Served asset /application.css - 304 Not Modified (0ms)


Started GET "/assets/jquery.js?body=1" for 127.0.0.1 at 2012-07-04 14:27:56 -0600
Served asset /jquery.js - 304 Not Modified (0ms)


Started GET "/rpses/1?hand_one=paper&hand_two=rock&submit=Play%21" for 127.0.0.1 at 2012-07-04 14:27:56 -0600
Processing by RpsesController#show as HTML
  Parameters: {"hand_one"=>"paper", "hand_two"=>"rock", "submit"=>"Play!", "id"=>"1"}
Completed 500 Internal Server Error in 1ms

NameError (undefined local variable or method `hand_one' for #<RpsesController:0x0000000319d860>):
  app/controllers/rpses_controller.rb:10:in `show'


  Rendered /usr/lib/ruby/gems/1.9.1/gems/actionpack-3.2.6/lib/action_dispatch/middleware/templates/rescues/_trace.erb (1.7ms)
  Rendered /usr/lib/ruby/gems/1.9.1/gems/actionpack-3.2.6/lib/action_dispatch/middleware/templates/rescues/_request_and_response.erb (0.7ms)
  Rendered /usr/lib/ruby/gems/1.9.1/gems/actionpack-3.2.6/lib/action_dispatch/middleware/templates/rescues/diagnostics.erb within rescues/layout (6.1ms)


Started GET "/rpses/1?hand_one=paper&hand_two=rock&submit=Play%21" for 127.0.0.1 at 2012-07-04 14:29:52 -0600
Processing by RpsesController#show as HTML
  Parameters: {"hand_one"=>"paper", "hand_two"=>"rock", "submit"=>"Play!", "id"=>"1"}
Completed 500 Internal Server Error in 1ms

NameError (undefined local variable or method `hand_one' for #<RpsesController:0x00000002de5240>):
  app/controllers/rpses_controller.rb:10:in `show'


  Rendered /usr/lib/ruby/gems/1.9.1/gems/actionpack-3.2.6/lib/action_dispatch/middleware/templates/rescues/_trace.erb (18.1ms)
  Rendered /usr/lib/ruby/gems/1.9.1/gems/actionpack-3.2.6/lib/action_dispatch/middleware/templates/rescues/_request_and_response.erb (1.0ms)
  Rendered /usr/lib/ruby/gems/1.9.1/gems/actionpack-3.2.6/lib/action_dispatch/middleware/templates/rescues/diagnostics.erb within rescues/layout (23.0ms)


Started GET "/" for 127.0.0.1 at 2012-07-04 14:29:55 -0600
Processing by RpsesController#index as HTML
  Rendered rpses/index.html.erb within layouts/application (0.2ms)
Completed 200 OK in 3ms (Views: 3.0ms | ActiveRecord: 0.0ms)


Started GET "/assets/application.css?body=1" for 127.0.0.1 at 2012-07-04 14:29:55 -0600
Served asset /application.css - 304 Not Modified (0ms)


Started GET "/assets/application.js?body=1" for 127.0.0.1 at 2012-07-04 14:29:55 -0600
Served asset /application.js - 304 Not Modified (0ms)


Started GET "/assets/jquery.js?body=1" for 127.0.0.1 at 2012-07-04 14:29:55 -0600
Served asset /jquery.js - 304 Not Modified (0ms)


Started GET "/assets/jquery_ujs.js?body=1" for 127.0.0.1 at 2012-07-04 14:29:55 -0600
Served asset /jquery_ujs.js - 304 Not Modified (0ms)


Started GET "/rpses/1?hand_one=paper&hand_two=rock&submit=Play%21" for 127.0.0.1 at 2012-07-04 14:29:56 -0600
Processing by RpsesController#show as HTML
  Parameters: {"hand_one"=>"paper", "hand_two"=>"rock", "submit"=>"Play!", "id"=>"1"}
Completed 500 Internal Server Error in 1ms

NameError (undefined local variable or method `hand_one' for #<RpsesController:0x0000000351c8d8>):
  app/controllers/rpses_controller.rb:10:in `show'


  Rendered /usr/lib/ruby/gems/1.9.1/gems/actionpack-3.2.6/lib/action_dispatch/middleware/templates/rescues/_trace.erb (2.1ms)
  Rendered /usr/lib/ruby/gems/1.9.1/gems/actionpack-3.2.6/lib/action_dispatch/middleware/templates/rescues/_request_and_response.erb (0.7ms)
  Rendered /usr/lib/ruby/gems/1.9.1/gems/actionpack-3.2.6/lib/action_dispatch/middleware/templates/rescues/diagnostics.erb within rescues/layout (6.4ms)


Started GET "/" for 127.0.0.1 at 2012-07-04 14:31:11 -0600
Processing by RpsesController#index as HTML
  Rendered rpses/index.html.erb within layouts/application (0.0ms)
Completed 200 OK in 2ms (Views: 1.9ms | ActiveRecord: 0.0ms)


Started GET "/assets/jquery.js?body=1" for 127.0.0.1 at 2012-07-04 14:31:11 -0600
Served asset /jquery.js - 304 Not Modified (0ms)


Started GET "/assets/jquery_ujs.js?body=1" for 127.0.0.1 at 2012-07-04 14:31:11 -0600
Served asset /jquery_ujs.js - 304 Not Modified (0ms)


Started GET "/assets/application.css?body=1" for 127.0.0.1 at 2012-07-04 14:31:11 -0600
Served asset /application.css - 304 Not Modified (0ms)


Started GET "/assets/application.js?body=1" for 127.0.0.1 at 2012-07-04 14:31:11 -0600
Served asset /application.js - 304 Not Modified (0ms)


Started GET "/rpses/1?hand_one=paper&hand_two=rock&submit=Play%21" for 127.0.0.1 at 2012-07-04 14:31:12 -0600
Processing by RpsesController#show as HTML
  Parameters: {"hand_one"=>"paper", "hand_two"=>"rock", "submit"=>"Play!", "id"=>"1"}
Completed 500 Internal Server Error in 1ms

NameError (undefined local variable or method `hand_one' for #<RpsesController:0x0000000311e100>):
  app/controllers/rpses_controller.rb:10:in `show'


  Rendered /usr/lib/ruby/gems/1.9.1/gems/actionpack-3.2.6/lib/action_dispatch/middleware/templates/rescues/_trace.erb (1.7ms)
  Rendered /usr/lib/ruby/gems/1.9.1/gems/actionpack-3.2.6/lib/action_dispatch/middleware/templates/rescues/_request_and_response.erb (0.6ms)
  Rendered /usr/lib/ruby/gems/1.9.1/gems/actionpack-3.2.6/lib/action_dispatch/middleware/templates/rescues/diagnostics.erb within rescues/layout (7.4ms)


Started GET "/" for 127.0.0.1 at 2012-07-04 14:33:42 -0600
Processing by RpsesController#index as HTML
  Rendered rpses/index.html.erb within layouts/application (0.0ms)
Completed 200 OK in 5ms (Views: 5.0ms | ActiveRecord: 0.0ms)


Started GET "/assets/jquery.js?body=1" for 127.0.0.1 at 2012-07-04 14:33:42 -0600
Served asset /jquery.js - 304 Not Modified (0ms)


Started GET "/assets/jquery_ujs.js?body=1" for 127.0.0.1 at 2012-07-04 14:33:42 -0600
Served asset /jquery_ujs.js - 304 Not Modified (0ms)


Started GET "/assets/application.js?body=1" for 127.0.0.1 at 2012-07-04 14:33:42 -0600
Served asset /application.js - 304 Not Modified (0ms)


Started GET "/assets/application.css?body=1" for 127.0.0.1 at 2012-07-04 14:33:42 -0600
Served asset /application.css - 304 Not Modified (0ms)


Started GET "/rpses/1?hand_one=paper&hand_two=rock&submit=Play%21" for 127.0.0.1 at 2012-07-04 14:33:43 -0600
Processing by RpsesController#show as HTML
  Parameters: {"hand_one"=>"paper", "hand_two"=>"rock", "submit"=>"Play!", "id"=>"1"}
Completed 500 Internal Server Error in 0ms

ArgumentError (wrong number of arguments (0 for 2)):
  app/models/new_rps.rb:13:in `play'
  app/controllers/rpses_controller.rb:10:in `show'


  Rendered /usr/lib/ruby/gems/1.9.1/gems/actionpack-3.2.6/lib/action_dispatch/middleware/templates/rescues/_trace.erb (1.2ms)
  Rendered /usr/lib/ruby/gems/1.9.1/gems/actionpack-3.2.6/lib/action_dispatch/middleware/templates/rescues/_request_and_response.erb (0.9ms)
  Rendered /usr/lib/ruby/gems/1.9.1/gems/actionpack-3.2.6/lib/action_dispatch/middleware/templates/rescues/diagnostics.erb within rescues/layout (7.2ms)


Started GET "/" for 127.0.0.1 at 2012-07-04 14:36:42 -0600
Processing by RpsesController#index as HTML
  Rendered rpses/index.html.erb within layouts/application (0.0ms)
Completed 200 OK in 3ms (Views: 2.3ms | ActiveRecord: 0.0ms)


Started GET "/assets/jquery_ujs.js?body=1" for 127.0.0.1 at 2012-07-04 14:36:42 -0600
Served asset /jquery_ujs.js - 304 Not Modified (0ms)


Started GET "/assets/application.js?body=1" for 127.0.0.1 at 2012-07-04 14:36:42 -0600
Served asset /application.js - 304 Not Modified (0ms)


Started GET "/assets/application.css?body=1" for 127.0.0.1 at 2012-07-04 14:36:42 -0600
Served asset /application.css - 304 Not Modified (0ms)


Started GET "/assets/jquery.js?body=1" for 127.0.0.1 at 2012-07-04 14:36:42 -0600
Served asset /jquery.js - 304 Not Modified (0ms)


Started GET "/rpses/1?hand_one=paper&hand_two=rock&submit=Play%21" for 127.0.0.1 at 2012-07-04 14:36:43 -0600
Processing by RpsesController#show as HTML
  Parameters: {"hand_one"=>"paper", "hand_two"=>"rock", "submit"=>"Play!", "id"=>"1"}
Completed 500 Internal Server Error in 1ms

NameError (undefined local variable or method `hand_one' for #<RpsesController:0x0000000349c110>):
  app/controllers/rpses_controller.rb:10:in `show'


  Rendered /usr/lib/ruby/gems/1.9.1/gems/actionpack-3.2.6/lib/action_dispatch/middleware/templates/rescues/_trace.erb (1.1ms)
  Rendered /usr/lib/ruby/gems/1.9.1/gems/actionpack-3.2.6/lib/action_dispatch/middleware/templates/rescues/_request_and_response.erb (0.8ms)
  Rendered /usr/lib/ruby/gems/1.9.1/gems/actionpack-3.2.6/lib/action_dispatch/middleware/templates/rescues/diagnostics.erb within rescues/layout (6.7ms)


Started GET "/" for 127.0.0.1 at 2012-07-04 14:38:37 -0600
Processing by RpsesController#index as HTML
  Rendered rpses/index.html.erb within layouts/application (0.0ms)
Completed 200 OK in 3ms (Views: 2.7ms | ActiveRecord: 0.0ms)


Started GET "/assets/jquery_ujs.js?body=1" for 127.0.0.1 at 2012-07-04 14:38:37 -0600
Served asset /jquery_ujs.js - 304 Not Modified (0ms)


Started GET "/assets/application.js?body=1" for 127.0.0.1 at 2012-07-04 14:38:37 -0600
Served asset /application.js - 304 Not Modified (0ms)


Started GET "/assets/jquery.js?body=1" for 127.0.0.1 at 2012-07-04 14:38:37 -0600
Served asset /jquery.js - 304 Not Modified (0ms)


Started GET "/assets/application.css?body=1" for 127.0.0.1 at 2012-07-04 14:38:37 -0600
Served asset /application.css - 304 Not Modified (0ms)


Started GET "/rpses/1?hand_one=paper&hand_two=rock&submit=Play%21" for 127.0.0.1 at 2012-07-04 14:38:38 -0600
Processing by RpsesController#show as HTML
  Parameters: {"hand_one"=>"paper", "hand_two"=>"rock", "submit"=>"Play!", "id"=>"1"}
Completed 500 Internal Server Error in 1ms

NameError (undefined local variable or method `hand_one' for #<RpsesController:0x00000002e0e5c8>):
  app/controllers/rpses_controller.rb:10:in `show'


  Rendered /usr/lib/ruby/gems/1.9.1/gems/actionpack-3.2.6/lib/action_dispatch/middleware/templates/rescues/_trace.erb (1.8ms)
  Rendered /usr/lib/ruby/gems/1.9.1/gems/actionpack-3.2.6/lib/action_dispatch/middleware/templates/rescues/_request_and_response.erb (16.4ms)
  Rendered /usr/lib/ruby/gems/1.9.1/gems/actionpack-3.2.6/lib/action_dispatch/middleware/templates/rescues/diagnostics.erb within rescues/layout (23.4ms)


Started GET "/" for 127.0.0.1 at 2012-07-04 14:40:44 -0600
Processing by RpsesController#index as HTML
  Rendered rpses/index.html.erb within layouts/application (0.0ms)
Completed 200 OK in 3ms (Views: 2.9ms | ActiveRecord: 0.0ms)


Started GET "/assets/jquery_ujs.js?body=1" for 127.0.0.1 at 2012-07-04 14:40:44 -0600
Served asset /jquery_ujs.js - 304 Not Modified (0ms)


Started GET "/assets/application.js?body=1" for 127.0.0.1 at 2012-07-04 14:40:44 -0600
Served asset /application.js - 304 Not Modified (0ms)


Started GET "/assets/application.css?body=1" for 127.0.0.1 at 2012-07-04 14:40:44 -0600
Served asset /application.css - 304 Not Modified (0ms)


Started GET "/assets/jquery.js?body=1" for 127.0.0.1 at 2012-07-04 14:40:44 -0600
Served asset /jquery.js - 304 Not Modified (0ms)


Started GET "/rpses/1?hand_one=paper&hand_two=rock&submit=Play%21" for 127.0.0.1 at 2012-07-04 14:40:46 -0600
Processing by RpsesController#show as HTML
  Parameters: {"hand_one"=>"paper", "hand_two"=>"rock", "submit"=>"Play!", "id"=>"1"}
Completed 500 Internal Server Error in 1ms

NameError (undefined local variable or method `hand_one' for #<RpsesController:0x00000003166310>):
  app/controllers/rpses_controller.rb:10:in `show'


  Rendered /usr/lib/ruby/gems/1.9.1/gems/actionpack-3.2.6/lib/action_dispatch/middleware/templates/rescues/_trace.erb (1.8ms)
  Rendered /usr/lib/ruby/gems/1.9.1/gems/actionpack-3.2.6/lib/action_dispatch/middleware/templates/rescues/_request_and_response.erb (0.8ms)
  Rendered /usr/lib/ruby/gems/1.9.1/gems/actionpack-3.2.6/lib/action_dispatch/middleware/templates/rescues/diagnostics.erb within rescues/layout (6.1ms)


Started GET "/" for 127.0.0.1 at 2012-07-04 14:41:43 -0600
Processing by RpsesController#index as HTML
  Rendered rpses/index.html.erb within layouts/application (0.0ms)
Completed 200 OK in 3ms (Views: 2.3ms | ActiveRecord: 0.0ms)


Started GET "/assets/jquery_ujs.js?body=1" for 127.0.0.1 at 2012-07-04 14:41:43 -0600
Served asset /jquery_ujs.js - 304 Not Modified (0ms)


Started GET "/assets/application.js?body=1" for 127.0.0.1 at 2012-07-04 14:41:43 -0600
Served asset /application.js - 304 Not Modified (0ms)


Started GET "/assets/application.css?body=1" for 127.0.0.1 at 2012-07-04 14:41:43 -0600
Served asset /application.css - 304 Not Modified (0ms)


Started GET "/assets/jquery.js?body=1" for 127.0.0.1 at 2012-07-04 14:41:43 -0600
Served asset /jquery.js - 304 Not Modified (0ms)


Started GET "/rpses/1?hand_one=paper&hand_two=rock&submit=Play%21" for 127.0.0.1 at 2012-07-04 14:41:44 -0600
Processing by RpsesController#show as HTML
  Parameters: {"hand_one"=>"paper", "hand_two"=>"rock", "submit"=>"Play!", "id"=>"1"}
Completed 500 Internal Server Error in 1ms

NameError (undefined local variable or method `hand_one' for #<RpsesController:0x000000030f88b0>):
  app/controllers/rpses_controller.rb:10:in `show'


  Rendered /usr/lib/ruby/gems/1.9.1/gems/actionpack-3.2.6/lib/action_dispatch/middleware/templates/rescues/_trace.erb (1.6ms)
  Rendered /usr/lib/ruby/gems/1.9.1/gems/actionpack-3.2.6/lib/action_dispatch/middleware/templates/rescues/_request_and_response.erb (0.6ms)
  Rendered /usr/lib/ruby/gems/1.9.1/gems/actionpack-3.2.6/lib/action_dispatch/middleware/templates/rescues/diagnostics.erb within rescues/layout (5.6ms)


Started GET "/" for 127.0.0.1 at 2012-07-04 14:44:35 -0600
Processing by RpsesController#index as HTML
  Rendered rpses/index.html.erb within layouts/application (0.0ms)
Completed 200 OK in 3ms (Views: 2.2ms | ActiveRecord: 0.0ms)


Started GET "/assets/jquery_ujs.js?body=1" for 127.0.0.1 at 2012-07-04 14:44:35 -0600
Served asset /jquery_ujs.js - 304 Not Modified (0ms)


Started GET "/assets/application.js?body=1" for 127.0.0.1 at 2012-07-04 14:44:35 -0600
Served asset /application.js - 304 Not Modified (0ms)


Started GET "/assets/application.css?body=1" for 127.0.0.1 at 2012-07-04 14:44:35 -0600
Served asset /application.css - 304 Not Modified (0ms)


Started GET "/assets/jquery.js?body=1" for 127.0.0.1 at 2012-07-04 14:44:35 -0600
Served asset /jquery.js - 304 Not Modified (0ms)


Started GET "/rpses/1?hand_one=paper&hand_two=rock&submit=Play%21" for 127.0.0.1 at 2012-07-04 14:44:36 -0600
Processing by RpsesController#show as HTML
  Parameters: {"hand_one"=>"paper", "hand_two"=>"rock", "submit"=>"Play!", "id"=>"1"}
  Rendered rpses/show.html.erb within layouts/application (0.3ms)
Completed 200 OK in 3ms (Views: 2.8ms | ActiveRecord: 0.0ms)


Started GET "/assets/application.css?body=1" for 127.0.0.1 at 2012-07-04 14:44:36 -0600
Served asset /application.css - 304 Not Modified (0ms)


Started GET "/assets/application.js?body=1" for 127.0.0.1 at 2012-07-04 14:44:36 -0600
Served asset /application.js - 304 Not Modified (0ms)


Started GET "/assets/jquery.js?body=1" for 127.0.0.1 at 2012-07-04 14:44:36 -0600
Served asset /jquery.js - 304 Not Modified (0ms)


Started GET "/assets/jquery_ujs.js?body=1" for 127.0.0.1 at 2012-07-04 14:44:36 -0600
Served asset /jquery_ujs.js - 304 Not Modified (0ms)


Started GET "/" for 127.0.0.1 at 2012-07-04 14:45:41 -0600
Processing by RpsesController#index as HTML
  Rendered rpses/index.html.erb within layouts/application (0.0ms)
Completed 200 OK in 9ms (Views: 8.4ms | ActiveRecord: 0.0ms)


Started GET "/assets/jquery_ujs.js?body=1" for 127.0.0.1 at 2012-07-04 14:45:41 -0600
Served asset /jquery_ujs.js - 304 Not Modified (0ms)


Started GET "/assets/application.js?body=1" for 127.0.0.1 at 2012-07-04 14:45:41 -0600
Served asset /application.js - 304 Not Modified (0ms)


Started GET "/assets/application.css?body=1" for 127.0.0.1 at 2012-07-04 14:45:41 -0600
Served asset /application.css - 304 Not Modified (0ms)


Started GET "/assets/jquery.js?body=1" for 127.0.0.1 at 2012-07-04 14:45:41 -0600
Served asset /jquery.js - 304 Not Modified (0ms)


Started GET "/rpses/1?hand_one=paper&hand_two=rock&submit=Play%21" for 127.0.0.1 at 2012-07-04 14:45:42 -0600
Processing by RpsesController#show as HTML
  Parameters: {"hand_one"=>"paper", "hand_two"=>"rock", "submit"=>"Play!", "id"=>"1"}
  Rendered rpses/show.html.erb within layouts/application (3.9ms)
Completed 500 Internal Server Error in 11ms

ActionView::Template::Error (undefined method `show' for #<RPS:0x00000002f23418>):
    1: 
    2: 
    3: <pre>
    4:   <%= @game.show %>
    5:   </pre>
    6: 
    7: 
  app/views/rpses/show.html.erb:4:in `_app_views_rpses_show_html_erb__442461418523941545_24726400'


  Rendered /usr/lib/ruby/gems/1.9.1/gems/actionpack-3.2.6/lib/action_dispatch/middleware/templates/rescues/_trace.erb (2.2ms)
  Rendered /usr/lib/ruby/gems/1.9.1/gems/actionpack-3.2.6/lib/action_dispatch/middleware/templates/rescues/_request_and_response.erb (0.9ms)
  Rendered /usr/lib/ruby/gems/1.9.1/gems/actionpack-3.2.6/lib/action_dispatch/middleware/templates/rescues/template_error.erb within rescues/layout (7.4ms)


Started GET "/" for 127.0.0.1 at 2012-07-04 14:46:13 -0600
Processing by RpsesController#index as HTML
  Rendered rpses/index.html.erb within layouts/application (0.1ms)
Completed 200 OK in 4ms (Views: 4.0ms | ActiveRecord: 0.0ms)


Started GET "/assets/jquery.js?body=1" for 127.0.0.1 at 2012-07-04 14:46:13 -0600
Served asset /jquery.js - 304 Not Modified (0ms)


Started GET "/assets/jquery_ujs.js?body=1" for 127.0.0.1 at 2012-07-04 14:46:13 -0600
Served asset /jquery_ujs.js - 304 Not Modified (0ms)


Started GET "/assets/application.js?body=1" for 127.0.0.1 at 2012-07-04 14:46:13 -0600
Served asset /application.js - 304 Not Modified (0ms)


Started GET "/assets/application.css?body=1" for 127.0.0.1 at 2012-07-04 14:46:13 -0600
Served asset /application.css - 304 Not Modified (0ms)


Started GET "/rpses/1?hand_one=paper&hand_two=rock&submit=Play%21" for 127.0.0.1 at 2012-07-04 14:46:14 -0600
Processing by RpsesController#show as HTML
  Parameters: {"hand_one"=>"paper", "hand_two"=>"rock", "submit"=>"Play!", "id"=>"1"}
  Rendered rpses/show.html.erb within layouts/application (2.0ms)
Completed 200 OK in 9ms (Views: 9.0ms | ActiveRecord: 0.0ms)


Started GET "/assets/application.css?body=1" for 127.0.0.1 at 2012-07-04 14:46:14 -0600
Served asset /application.css - 304 Not Modified (0ms)


Started GET "/assets/application.js?body=1" for 127.0.0.1 at 2012-07-04 14:46:14 -0600
Served asset /application.js - 304 Not Modified (0ms)


Started GET "/assets/jquery.js?body=1" for 127.0.0.1 at 2012-07-04 14:46:14 -0600
Served asset /jquery.js - 304 Not Modified (0ms)


Started GET "/assets/jquery_ujs.js?body=1" for 127.0.0.1 at 2012-07-04 14:46:14 -0600
Served asset /jquery_ujs.js - 304 Not Modified (0ms)


Started GET "/" for 127.0.0.1 at 2012-07-04 14:50:07 -0600
Processing by RpsesController#index as HTML
  Rendered rpses/index.html.erb within layouts/application (0.1ms)
Completed 200 OK in 3ms (Views: 3.4ms | ActiveRecord: 0.0ms)


Started GET "/assets/jquery_ujs.js?body=1" for 127.0.0.1 at 2012-07-04 14:50:07 -0600
Served asset /jquery_ujs.js - 304 Not Modified (0ms)


Started GET "/assets/application.js?body=1" for 127.0.0.1 at 2012-07-04 14:50:07 -0600
Served asset /application.js - 304 Not Modified (0ms)


Started GET "/assets/application.css?body=1" for 127.0.0.1 at 2012-07-04 14:50:07 -0600
Served asset /application.css - 304 Not Modified (0ms)


Started GET "/assets/jquery.js?body=1" for 127.0.0.1 at 2012-07-04 14:50:07 -0600
Served asset /jquery.js - 304 Not Modified (0ms)


Started GET "/rpses/1?hand_one=paper&hand_two=rock&submit=Play%21" for 127.0.0.1 at 2012-07-04 14:50:08 -0600
Processing by RpsesController#show as HTML
  Parameters: {"hand_one"=>"paper", "hand_two"=>"rock", "submit"=>"Play!", "id"=>"1"}
  Rendered rpses/show.html.erb within layouts/application (0.1ms)
Completed 200 OK in 4ms (Views: 2.8ms | ActiveRecord: 0.0ms)


Started GET "/assets/application.css?body=1" for 127.0.0.1 at 2012-07-04 14:50:08 -0600
Served asset /application.css - 304 Not Modified (0ms)


Started GET "/assets/jquery.js?body=1" for 127.0.0.1 at 2012-07-04 14:50:08 -0600
Served asset /jquery.js - 304 Not Modified (0ms)


Started GET "/assets/jquery_ujs.js?body=1" for 127.0.0.1 at 2012-07-04 14:50:08 -0600
Served asset /jquery_ujs.js - 304 Not Modified (0ms)


Started GET "/assets/application.js?body=1" for 127.0.0.1 at 2012-07-04 14:50:08 -0600
Served asset /application.js - 304 Not Modified (0ms)


Started GET "/" for 127.0.0.1 at 2012-07-04 14:51:02 -0600
Processing by RpsesController#index as HTML
  Rendered rpses/index.html.erb within layouts/application (0.0ms)
Completed 200 OK in 5ms (Views: 4.3ms | ActiveRecord: 0.0ms)


Started GET "/assets/jquery_ujs.js?body=1" for 127.0.0.1 at 2012-07-04 14:51:02 -0600
Served asset /jquery_ujs.js - 304 Not Modified (0ms)


Started GET "/assets/application.js?body=1" for 127.0.0.1 at 2012-07-04 14:51:02 -0600
Served asset /application.js - 304 Not Modified (0ms)


Started GET "/assets/application.css?body=1" for 127.0.0.1 at 2012-07-04 14:51:02 -0600
Served asset /application.css - 304 Not Modified (0ms)


Started GET "/assets/jquery.js?body=1" for 127.0.0.1 at 2012-07-04 14:51:02 -0600
Served asset /jquery.js - 304 Not Modified (0ms)


Started GET "/rpses/1?hand_one=paper&hand_two=rock&submit=Play%21" for 127.0.0.1 at 2012-07-04 14:51:03 -0600
Processing by RpsesController#show as HTML
  Parameters: {"hand_one"=>"paper", "hand_two"=>"rock", "submit"=>"Play!", "id"=>"1"}
Completed 500 Internal Server Error in 1ms

NameError (undefined local variable or method `hand_one' for #<RpsesController:0x000000034268c0>):
  app/controllers/rpses_controller.rb:10:in `show'


  Rendered /usr/lib/ruby/gems/1.9.1/gems/actionpack-3.2.6/lib/action_dispatch/middleware/templates/rescues/_trace.erb (1.7ms)
  Rendered /usr/lib/ruby/gems/1.9.1/gems/actionpack-3.2.6/lib/action_dispatch/middleware/templates/rescues/_request_and_response.erb (0.9ms)
  Rendered /usr/lib/ruby/gems/1.9.1/gems/actionpack-3.2.6/lib/action_dispatch/middleware/templates/rescues/diagnostics.erb within rescues/layout (5.8ms)


Started GET "/" for 127.0.0.1 at 2012-07-04 14:52:03 -0600
Processing by RpsesController#index as HTML
  Rendered rpses/index.html.erb within layouts/application (0.0ms)
Completed 200 OK in 3ms (Views: 2.8ms | ActiveRecord: 0.0ms)


Started GET "/assets/jquery.js?body=1" for 127.0.0.1 at 2012-07-04 14:52:03 -0600
Served asset /jquery.js - 304 Not Modified (0ms)


Started GET "/assets/jquery_ujs.js?body=1" for 127.0.0.1 at 2012-07-04 14:52:03 -0600
Served asset /jquery_ujs.js - 304 Not Modified (0ms)


Started GET "/assets/application.js?body=1" for 127.0.0.1 at 2012-07-04 14:52:03 -0600
Served asset /application.js - 304 Not Modified (0ms)


Started GET "/assets/application.css?body=1" for 127.0.0.1 at 2012-07-04 14:52:03 -0600
Served asset /application.css - 304 Not Modified (0ms)


Started GET "/rpses/1?hand_one=paper&hand_two=rock&submit=Play%21" for 127.0.0.1 at 2012-07-04 14:52:04 -0600
Processing by RpsesController#show as HTML
  Parameters: {"hand_one"=>"paper", "hand_two"=>"rock", "submit"=>"Play!", "id"=>"1"}
  Rendered rpses/show.html.erb within layouts/application (0.1ms)
Completed 200 OK in 6ms (Views: 3.8ms | ActiveRecord: 0.0ms)


Started GET "/assets/application.css?body=1" for 127.0.0.1 at 2012-07-04 14:52:04 -0600
Served asset /application.css - 304 Not Modified (0ms)


Started GET "/assets/application.js?body=1" for 127.0.0.1 at 2012-07-04 14:52:04 -0600
Served asset /application.js - 304 Not Modified (0ms)


Started GET "/assets/jquery.js?body=1" for 127.0.0.1 at 2012-07-04 14:52:04 -0600
Served asset /jquery.js - 304 Not Modified (0ms)


Started GET "/assets/jquery_ujs.js?body=1" for 127.0.0.1 at 2012-07-04 14:52:04 -0600
Served asset /jquery_ujs.js - 304 Not Modified (0ms)


Started GET "/" for 127.0.0.1 at 2012-07-04 14:53:43 -0600
Processing by RpsesController#index as HTML
  Rendered rpses/index.html.erb within layouts/application (0.0ms)
Completed 200 OK in 3ms (Views: 2.7ms | ActiveRecord: 0.0ms)


Started GET "/assets/jquery_ujs.js?body=1" for 127.0.0.1 at 2012-07-04 14:53:43 -0600
Served asset /jquery_ujs.js - 304 Not Modified (0ms)


Started GET "/assets/application.js?body=1" for 127.0.0.1 at 2012-07-04 14:53:43 -0600
Served asset /application.js - 304 Not Modified (0ms)


Started GET "/assets/application.css?body=1" for 127.0.0.1 at 2012-07-04 14:53:43 -0600
Served asset /application.css - 304 Not Modified (0ms)


Started GET "/assets/jquery.js?body=1" for 127.0.0.1 at 2012-07-04 14:53:43 -0600
Served asset /jquery.js - 304 Not Modified (0ms)


Started GET "/rpses/1?hand_one=paper&hand_two=rock&submit=Play%21" for 127.0.0.1 at 2012-07-04 14:53:44 -0600
Processing by RpsesController#show as HTML
  Parameters: {"hand_one"=>"paper", "hand_two"=>"rock", "submit"=>"Play!", "id"=>"1"}
  Rendered rpses/show.html.erb within layouts/application (5.6ms)
Completed 200 OK in 8ms (Views: 7.9ms | ActiveRecord: 0.0ms)


Started GET "/assets/jquery.js?body=1" for 127.0.0.1 at 2012-07-04 14:53:44 -0600
Served asset /jquery.js - 304 Not Modified (0ms)


Started GET "/assets/jquery_ujs.js?body=1" for 127.0.0.1 at 2012-07-04 14:53:44 -0600
Served asset /jquery_ujs.js - 304 Not Modified (0ms)


Started GET "/assets/application.js?body=1" for 127.0.0.1 at 2012-07-04 14:53:44 -0600
Served asset /application.js - 304 Not Modified (0ms)


Started GET "/assets/application.css?body=1" for 127.0.0.1 at 2012-07-04 14:53:44 -0600
Served asset /application.css - 304 Not Modified (0ms)
